2022-02-03 20:00:42,498 [Worker-3: Loading available Gradle versions] INFO  o.e.b.c.i.u.g.PublishedGradleVersions - Gradle version information cache is out-of-date. Trying to update.
2022-02-03 20:01:05,679 [Worker-3: Importing Maven projects] INFO  o.e.m.c.i.l.LifecycleMappingFactory - Using org.eclipse.m2e.jdt.JarLifecycleMapping lifecycle mapping for MavenProject: micros.synch.springcloud:servicel1a:0.0.1-SNAPSHOT @ /home/asier/eclipse-2021-workspace/Microservices/Synch/SpringCloud/Feign-Eureka-Resilience4j/servicel1a/pom.xml.
2022-02-03 20:01:09,690 [Worker-3: Importing Maven projects] INFO  o.e.m.c.i.e.AbstractTransferListenerAdapter - Downloading https://repo.maven.apache.org/maven2/org/springframework/cloud/spring-cloud-starter-circuitbreaker-resilience4j/2.1.0/spring-cloud-starter-circuitbreaker-resilience4j-2.1.0.pom
2022-02-03 20:01:09,792 [Worker-3: Importing Maven projects] INFO  o.e.m.c.i.e.AbstractTransferListenerAdapter - Downloaded https://repo.maven.apache.org/maven2/org/springframework/cloud/spring-cloud-starter-circuitbreaker-resilience4j/2.1.0/spring-cloud-starter-circuitbreaker-resilience4j-2.1.0.pom
2022-02-03 20:01:09,874 [Worker-3: Importing Maven projects] INFO  o.e.m.c.i.e.AbstractTransferListenerAdapter - Downloading https://repo.maven.apache.org/maven2/org/springframework/cloud/spring-cloud-starter-circuitbreaker/2.1.0/spring-cloud-starter-circuitbreaker-2.1.0.pom
2022-02-03 20:01:09,946 [Worker-3: Importing Maven projects] INFO  o.e.m.c.i.e.AbstractTransferListenerAdapter - Downloaded https://repo.maven.apache.org/maven2/org/springframework/cloud/spring-cloud-starter-circuitbreaker/2.1.0/spring-cloud-starter-circuitbreaker-2.1.0.pom
2022-02-03 20:01:10,017 [Worker-3: Importing Maven projects] INFO  o.e.m.c.i.e.AbstractTransferListenerAdapter - Downloading https://repo.maven.apache.org/maven2/org/springframework/cloud/spring-cloud-circuitbreaker/2.1.0/spring-cloud-circuitbreaker-2.1.0.pom
2022-02-03 20:01:10,080 [Worker-3: Importing Maven projects] INFO  o.e.m.c.i.e.AbstractTransferListenerAdapter - Downloaded https://repo.maven.apache.org/maven2/org/springframework/cloud/spring-cloud-circuitbreaker/2.1.0/spring-cloud-circuitbreaker-2.1.0.pom
2022-02-03 20:01:10,284 [Worker-3: Importing Maven projects] INFO  o.e.m.c.i.e.AbstractTransferListenerAdapter - Downloading https://repo.maven.apache.org/maven2/org/springframework/cloud/spring-cloud-circuitbreaker-resilience4j/2.1.0/spring-cloud-circuitbreaker-resilience4j-2.1.0.pom
2022-02-03 20:01:10,360 [Worker-3: Importing Maven projects] INFO  o.e.m.c.i.e.AbstractTransferListenerAdapter - Downloaded https://repo.maven.apache.org/maven2/org/springframework/cloud/spring-cloud-circuitbreaker-resilience4j/2.1.0/spring-cloud-circuitbreaker-resilience4j-2.1.0.pom
2022-02-03 20:01:11,260 [AetherRepositoryConnector-repo.maven.apache.org-0-0] INFO  o.e.m.c.i.e.AbstractTransferListenerAdapter - Downloading https://repo.maven.apache.org/maven2/org/springframework/cloud/spring-cloud-starter-circuitbreaker-resilience4j/2.1.0/spring-cloud-starter-circuitbreaker-resilience4j-2.1.0.jar
2022-02-03 20:01:11,303 [AetherRepositoryConnector-repo.maven.apache.org-0-1] INFO  o.e.m.c.i.e.AbstractTransferListenerAdapter - Downloading https://repo.maven.apache.org/maven2/org/springframework/cloud/spring-cloud-circuitbreaker-resilience4j/2.1.0/spring-cloud-circuitbreaker-resilience4j-2.1.0.jar
2022-02-03 20:01:11,348 [AetherRepositoryConnector-repo.maven.apache.org-0-0] INFO  o.e.m.c.i.e.AbstractTransferListenerAdapter - Downloaded https://repo.maven.apache.org/maven2/org/springframework/cloud/spring-cloud-starter-circuitbreaker-resilience4j/2.1.0/spring-cloud-starter-circuitbreaker-resilience4j-2.1.0.jar
2022-02-03 20:01:11,400 [AetherRepositoryConnector-repo.maven.apache.org-0-1] INFO  o.e.m.c.i.e.AbstractTransferListenerAdapter - Downloaded https://repo.maven.apache.org/maven2/org/springframework/cloud/spring-cloud-circuitbreaker-resilience4j/2.1.0/spring-cloud-circuitbreaker-resilience4j-2.1.0.jar
2022-02-03 20:01:11,821 [Worker-3: Importing Maven projects] INFO  o.e.m.c.i.l.LifecycleMappingFactory - Using org.eclipse.m2e.jdt.JarLifecycleMapping lifecycle mapping for MavenProject: micros.synch.springcloud:eurekaserver:0.0.1-SNAPSHOT @ /home/asier/eclipse-2021-workspace/Microservices/Synch/SpringCloud/Feign-Eureka-Resilience4j/eurekaserver/pom.xml.
2022-02-03 20:01:12,235 [Worker-3: Importing Maven projects] INFO  o.e.m.c.i.l.LifecycleMappingFactory - Using org.eclipse.m2e.jdt.JarLifecycleMapping lifecycle mapping for MavenProject: micros.synch.springcloud:servicel2a:0.0.1-SNAPSHOT @ /home/asier/eclipse-2021-workspace/Microservices/Synch/SpringCloud/Feign-Eureka-Resilience4j/servicel2a/pom.xml.
2022-02-03 20:01:13,899 [Worker-3: Importing Maven projects] INFO  o.e.m.j.i.AbstractJavaProjectConfigurator - Adding source folder /eurekaserver/src/main/java
2022-02-03 20:01:13,905 [Worker-3: Importing Maven projects] INFO  o.e.m.j.i.AbstractJavaProjectConfigurator - Adding resource folder /eurekaserver/src/main/resources
2022-02-03 20:01:13,924 [Worker-3: Importing Maven projects] INFO  o.e.m.j.i.AbstractJavaProjectConfigurator - Adding resource folder /eurekaserver/src/main/resources
2022-02-03 20:01:13,940 [Worker-3: Importing Maven projects] INFO  o.e.m.j.i.AbstractJavaProjectConfigurator - Adding source folder /eurekaserver/src/test/java
2022-02-03 20:01:16,053 [Worker-7: Download sources and javadoc] INFO  o.e.m.c.i.e.AbstractTransferListenerAdapter - Downloading https://repo.maven.apache.org/maven2/org/springframework/cloud/spring-cloud-starter-circuitbreaker-resilience4j/2.1.0/spring-cloud-starter-circuitbreaker-resilience4j-2.1.0-sources.jar
2022-02-03 20:01:16,189 [Worker-7: Download sources and javadoc] INFO  o.e.m.c.i.e.AbstractTransferListenerAdapter - Downloaded https://repo.maven.apache.org/maven2/org/springframework/cloud/spring-cloud-starter-circuitbreaker-resilience4j/2.1.0/spring-cloud-starter-circuitbreaker-resilience4j-2.1.0-sources.jar
2022-02-03 20:01:16,195 [Worker-7: Download sources and javadoc] INFO  o.e.m.j.internal.DownloadSourcesJob - Downloaded sources for org.springframework.cloud:spring-cloud-starter-circuitbreaker-resilience4j:2.1.0
2022-02-03 20:01:16,525 [Worker-7: Download sources and javadoc] INFO  o.e.m.c.i.e.AbstractTransferListenerAdapter - Downloading https://repo.maven.apache.org/maven2/org/springframework/cloud/spring-cloud-circuitbreaker-resilience4j/2.1.0/spring-cloud-circuitbreaker-resilience4j-2.1.0-sources.jar
2022-02-03 20:01:16,653 [Worker-7: Download sources and javadoc] INFO  o.e.m.c.i.e.AbstractTransferListenerAdapter - Downloaded https://repo.maven.apache.org/maven2/org/springframework/cloud/spring-cloud-circuitbreaker-resilience4j/2.1.0/spring-cloud-circuitbreaker-resilience4j-2.1.0-sources.jar
2022-02-03 20:01:16,655 [Worker-7: Download sources and javadoc] INFO  o.e.m.j.internal.DownloadSourcesJob - Downloaded sources for org.springframework.cloud:spring-cloud-circuitbreaker-resilience4j:2.1.0
2022-02-03 20:01:17,349 [Worker-3: Importing Maven projects] INFO  o.e.m.j.i.AbstractJavaProjectConfigurator - Adding source folder /servicel2a/src/main/java
2022-02-03 20:01:17,349 [Worker-3: Importing Maven projects] INFO  o.e.m.j.i.AbstractJavaProjectConfigurator - Adding resource folder /servicel2a/src/main/resources
2022-02-03 20:01:17,361 [Worker-3: Importing Maven projects] INFO  o.e.m.j.i.AbstractJavaProjectConfigurator - Adding resource folder /servicel2a/src/main/resources
2022-02-03 20:01:17,364 [Worker-3: Importing Maven projects] INFO  o.e.m.j.i.AbstractJavaProjectConfigurator - Adding source folder /servicel2a/src/test/java
2022-02-03 20:01:18,068 [Worker-7: Download sources and javadoc] INFO  o.e.m.j.internal.DownloadSourcesJob - Downloaded sources for org.springframework.cloud:spring-cloud-starter-circuitbreaker-resilience4j:2.1.0
2022-02-03 20:01:18,084 [Worker-7: Download sources and javadoc] INFO  o.e.m.j.internal.DownloadSourcesJob - Downloaded sources for org.springframework.cloud:spring-cloud-circuitbreaker-resilience4j:2.1.0
2022-02-03 20:01:19,315 [Worker-3: Importing Maven projects] INFO  o.e.m.j.i.AbstractJavaProjectConfigurator - Adding source folder /servicel1a/src/main/java
2022-02-03 20:01:19,316 [Worker-3: Importing Maven projects] INFO  o.e.m.j.i.AbstractJavaProjectConfigurator - Adding resource folder /servicel1a/src/main/resources
2022-02-03 20:01:19,318 [Worker-3: Importing Maven projects] INFO  o.e.m.j.i.AbstractJavaProjectConfigurator - Adding resource folder /servicel1a/src/main/resources
2022-02-03 20:01:19,325 [Worker-3: Importing Maven projects] INFO  o.e.m.j.i.AbstractJavaProjectConfigurator - Adding source folder /servicel1a/src/test/java
2022-02-03 20:01:19,821 [Worker-3: Importing Maven projects] INFO  o.e.m.c.i.p.ProjectConfigurationManager - Imported and configured 3 project(s) in 19 sec
2022-02-03 20:01:23,922 [Worker-11: Building] INFO  o.e.m.c.i.embedder.EclipseLogger - Using 'UTF-8' encoding to copy filtered resources.
2022-02-03 20:01:23,922 [Worker-11: Building] INFO  o.e.m.c.i.embedder.EclipseLogger - Using 'UTF-8' encoding to copy filtered properties files.
2022-02-03 20:01:23,933 [Worker-11: Building] INFO  o.e.m.c.i.embedder.EclipseLogger - Copying 1 resource
2022-02-03 20:01:23,959 [Worker-11: Building] INFO  o.e.m.c.i.embedder.EclipseLogger - Copying 0 resource
2022-02-03 20:01:23,970 [Worker-11: Building] INFO  o.e.m.c.i.embedder.EclipseLogger - Using 'UTF-8' encoding to copy filtered resources.
2022-02-03 20:01:23,970 [Worker-11: Building] INFO  o.e.m.c.i.embedder.EclipseLogger - Using 'UTF-8' encoding to copy filtered properties files.
2022-02-03 20:01:23,970 [Worker-11: Building] INFO  o.e.m.c.i.embedder.EclipseLogger - skip non existing resourceDirectory /home/asier/eclipse-2021-workspace/Microservices/Synch/SpringCloud/Feign-Eureka-Resilience4j/eurekaserver/src/test/resources
2022-02-03 20:01:24,335 [Worker-11: Building] INFO  o.e.m.c.i.embedder.EclipseLogger - Using 'UTF-8' encoding to copy filtered resources.
2022-02-03 20:01:24,335 [Worker-11: Building] INFO  o.e.m.c.i.embedder.EclipseLogger - Using 'UTF-8' encoding to copy filtered properties files.
2022-02-03 20:01:24,336 [Worker-11: Building] INFO  o.e.m.c.i.embedder.EclipseLogger - Copying 1 resource
2022-02-03 20:01:24,339 [Worker-11: Building] INFO  o.e.m.c.i.embedder.EclipseLogger - Copying 0 resource
2022-02-03 20:01:24,343 [Worker-11: Building] INFO  o.e.m.c.i.embedder.EclipseLogger - Using 'UTF-8' encoding to copy filtered resources.
2022-02-03 20:01:24,343 [Worker-11: Building] INFO  o.e.m.c.i.embedder.EclipseLogger - Using 'UTF-8' encoding to copy filtered properties files.
2022-02-03 20:01:24,343 [Worker-11: Building] INFO  o.e.m.c.i.embedder.EclipseLogger - skip non existing resourceDirectory /home/asier/eclipse-2021-workspace/Microservices/Synch/SpringCloud/Feign-Eureka-Resilience4j/servicel1a/src/test/resources
2022-02-03 20:01:24,820 [Worker-11: Building] INFO  o.e.m.c.i.embedder.EclipseLogger - Using 'UTF-8' encoding to copy filtered resources.
2022-02-03 20:01:24,821 [Worker-11: Building] INFO  o.e.m.c.i.embedder.EclipseLogger - Using 'UTF-8' encoding to copy filtered properties files.
2022-02-03 20:01:24,822 [Worker-11: Building] INFO  o.e.m.c.i.embedder.EclipseLogger - Copying 1 resource
2022-02-03 20:01:24,833 [Worker-11: Building] INFO  o.e.m.c.i.embedder.EclipseLogger - Copying 0 resource
2022-02-03 20:01:24,846 [Worker-11: Building] INFO  o.e.m.c.i.embedder.EclipseLogger - Using 'UTF-8' encoding to copy filtered resources.
2022-02-03 20:01:24,847 [Worker-11: Building] INFO  o.e.m.c.i.embedder.EclipseLogger - Using 'UTF-8' encoding to copy filtered properties files.
2022-02-03 20:01:24,847 [Worker-11: Building] INFO  o.e.m.c.i.embedder.EclipseLogger - skip non existing resourceDirectory /home/asier/eclipse-2021-workspace/Microservices/Synch/SpringCloud/Feign-Eureka-Resilience4j/servicel2a/src/test/resources
2022-02-03 20:02:01,367 [Worker-11: Building] INFO  o.e.m.c.i.embedder.EclipseLogger - Using 'UTF-8' encoding to copy filtered resources.
2022-02-03 20:02:01,367 [Worker-11: Building] INFO  o.e.m.c.i.embedder.EclipseLogger - Using 'UTF-8' encoding to copy filtered properties files.
2022-02-03 20:02:01,370 [Worker-11: Building] INFO  o.e.m.c.i.embedder.EclipseLogger - Copying 1 resource
2022-02-03 20:02:01,498 [Worker-11: Building] INFO  o.e.m.c.i.embedder.EclipseLogger - Copying 0 resource
2022-02-03 20:02:01,508 [Worker-11: Building] INFO  o.e.m.c.i.embedder.EclipseLogger - Using 'UTF-8' encoding to copy filtered resources.
2022-02-03 20:02:01,509 [Worker-11: Building] INFO  o.e.m.c.i.embedder.EclipseLogger - Using 'UTF-8' encoding to copy filtered properties files.
2022-02-03 20:02:01,512 [Worker-11: Building] INFO  o.e.m.c.i.embedder.EclipseLogger - skip non existing resourceDirectory /home/asier/eclipse-2021-workspace/Microservices/Synch/SpringCloud/Feign-Eureka-Resilience4j/servicel1a/src/test/resources
2022-02-03 20:02:30,285 [Worker-9: Building] INFO  o.e.m.c.i.embedder.EclipseLogger - Using 'UTF-8' encoding to copy filtered resources.
2022-02-03 20:02:30,285 [Worker-9: Building] INFO  o.e.m.c.i.embedder.EclipseLogger - Using 'UTF-8' encoding to copy filtered properties files.
2022-02-03 20:02:30,286 [Worker-9: Building] INFO  o.e.m.c.i.embedder.EclipseLogger - Copying 1 resource
2022-02-03 20:02:30,307 [Worker-9: Building] INFO  o.e.m.c.i.embedder.EclipseLogger - Copying 0 resource
2022-02-03 20:02:30,311 [Worker-9: Building] INFO  o.e.m.c.i.embedder.EclipseLogger - Using 'UTF-8' encoding to copy filtered resources.
2022-02-03 20:02:30,311 [Worker-9: Building] INFO  o.e.m.c.i.embedder.EclipseLogger - Using 'UTF-8' encoding to copy filtered properties files.
2022-02-03 20:02:30,311 [Worker-9: Building] INFO  o.e.m.c.i.embedder.EclipseLogger - skip non existing resourceDirectory /home/asier/eclipse-2021-workspace/Microservices/Synch/SpringCloud/Feign-Eureka-Resilience4j/servicel2a/src/test/resources
2022-02-03 20:03:18,006 [Worker-4: Building] INFO  o.e.m.c.i.embedder.EclipseLogger - Using 'UTF-8' encoding to copy filtered resources.
2022-02-03 20:03:18,006 [Worker-4: Building] INFO  o.e.m.c.i.embedder.EclipseLogger - Using 'UTF-8' encoding to copy filtered properties files.
2022-02-03 20:03:18,007 [Worker-4: Building] INFO  o.e.m.c.i.embedder.EclipseLogger - Copying 0 resource
2022-02-03 20:03:18,007 [Worker-4: Building] INFO  o.e.m.c.i.embedder.EclipseLogger - Copying 0 resource
2022-02-03 20:03:18,010 [Worker-4: Building] INFO  o.e.m.c.i.embedder.EclipseLogger - Using 'UTF-8' encoding to copy filtered resources.
2022-02-03 20:03:18,010 [Worker-4: Building] INFO  o.e.m.c.i.embedder.EclipseLogger - Using 'UTF-8' encoding to copy filtered properties files.
2022-02-03 20:03:18,010 [Worker-4: Building] INFO  o.e.m.c.i.embedder.EclipseLogger - skip non existing resourceDirectory /home/asier/eclipse-2021-workspace/Microservices/Synch/SpringCloud/Feign-Eureka-Resilience4j/servicel1a/src/test/resources
2022-02-03 20:03:18,058 [Worker-4: Building] INFO  o.e.m.c.i.embedder.EclipseLogger - Using 'UTF-8' encoding to copy filtered resources.
2022-02-03 20:03:18,059 [Worker-4: Building] INFO  o.e.m.c.i.embedder.EclipseLogger - Using 'UTF-8' encoding to copy filtered properties files.
2022-02-03 20:03:18,059 [Worker-4: Building] INFO  o.e.m.c.i.embedder.EclipseLogger - Copying 0 resource
2022-02-03 20:03:18,059 [Worker-4: Building] INFO  o.e.m.c.i.embedder.EclipseLogger - Copying 0 resource
2022-02-03 20:03:18,062 [Worker-4: Building] INFO  o.e.m.c.i.embedder.EclipseLogger - Using 'UTF-8' encoding to copy filtered resources.
2022-02-03 20:03:18,062 [Worker-4: Building] INFO  o.e.m.c.i.embedder.EclipseLogger - Using 'UTF-8' encoding to copy filtered properties files.
2022-02-03 20:03:18,062 [Worker-4: Building] INFO  o.e.m.c.i.embedder.EclipseLogger - skip non existing resourceDirectory /home/asier/eclipse-2021-workspace/Microservices/Synch/SpringCloud/Feign-Eureka-Resilience4j/servicel2a/src/test/resources
2022-02-03 20:03:20,912 [Worker-5: Building] INFO  o.e.m.c.i.embedder.EclipseLogger - Using 'UTF-8' encoding to copy filtered resources.
2022-02-03 20:03:20,912 [Worker-5: Building] INFO  o.e.m.c.i.embedder.EclipseLogger - Using 'UTF-8' encoding to copy filtered properties files.
2022-02-03 20:03:20,914 [Worker-5: Building] INFO  o.e.m.c.i.embedder.EclipseLogger - Copying 1 resource
2022-02-03 20:03:21,059 [Worker-5: Building] INFO  o.e.m.c.i.embedder.EclipseLogger - Copying 0 resource
2022-02-03 20:03:21,094 [Worker-5: Building] INFO  o.e.m.c.i.embedder.EclipseLogger - Using 'UTF-8' encoding to copy filtered resources.
2022-02-03 20:03:21,094 [Worker-5: Building] INFO  o.e.m.c.i.embedder.EclipseLogger - Using 'UTF-8' encoding to copy filtered properties files.
2022-02-03 20:03:21,094 [Worker-5: Building] INFO  o.e.m.c.i.embedder.EclipseLogger - skip non existing resourceDirectory /home/asier/eclipse-2021-workspace/Microservices/Synch/SpringCloud/Feign-Eureka-Resilience4j/servicel1a/src/test/resources
2022-02-03 20:03:27,812 [Worker-9: Building] INFO  o.e.m.c.i.embedder.EclipseLogger - Using 'UTF-8' encoding to copy filtered resources.
2022-02-03 20:03:27,828 [Worker-9: Building] INFO  o.e.m.c.i.embedder.EclipseLogger - Using 'UTF-8' encoding to copy filtered properties files.
2022-02-03 20:03:27,829 [Worker-9: Building] INFO  o.e.m.c.i.embedder.EclipseLogger - Copying 0 resource
2022-02-03 20:03:27,829 [Worker-9: Building] INFO  o.e.m.c.i.embedder.EclipseLogger - Copying 0 resource
2022-02-03 20:03:27,843 [Worker-9: Building] INFO  o.e.m.c.i.embedder.EclipseLogger - Using 'UTF-8' encoding to copy filtered resources.
2022-02-03 20:03:27,843 [Worker-9: Building] INFO  o.e.m.c.i.embedder.EclipseLogger - Using 'UTF-8' encoding to copy filtered properties files.
2022-02-03 20:03:27,843 [Worker-9: Building] INFO  o.e.m.c.i.embedder.EclipseLogger - skip non existing resourceDirectory /home/asier/eclipse-2021-workspace/Microservices/Synch/SpringCloud/Feign-Eureka-Resilience4j/eurekaserver/src/test/resources
2022-02-03 20:03:27,877 [Worker-9: Building] INFO  o.e.m.c.i.embedder.EclipseLogger - Using 'UTF-8' encoding to copy filtered resources.
2022-02-03 20:03:27,877 [Worker-9: Building] INFO  o.e.m.c.i.embedder.EclipseLogger - Using 'UTF-8' encoding to copy filtered properties files.
2022-02-03 20:03:27,877 [Worker-9: Building] INFO  o.e.m.c.i.embedder.EclipseLogger - Copying 0 resource
2022-02-03 20:03:27,877 [Worker-9: Building] INFO  o.e.m.c.i.embedder.EclipseLogger - Copying 0 resource
2022-02-03 20:03:27,889 [Worker-9: Building] INFO  o.e.m.c.i.embedder.EclipseLogger - Using 'UTF-8' encoding to copy filtered resources.
2022-02-03 20:03:27,889 [Worker-9: Building] INFO  o.e.m.c.i.embedder.EclipseLogger - Using 'UTF-8' encoding to copy filtered properties files.
2022-02-03 20:03:27,889 [Worker-9: Building] INFO  o.e.m.c.i.embedder.EclipseLogger - skip non existing resourceDirectory /home/asier/eclipse-2021-workspace/Microservices/Synch/SpringCloud/Feign-Eureka-Resilience4j/servicel1a/src/test/resources
2022-02-03 20:03:27,936 [Worker-9: Building] INFO  o.e.m.c.i.embedder.EclipseLogger - Using 'UTF-8' encoding to copy filtered resources.
2022-02-03 20:03:27,937 [Worker-9: Building] INFO  o.e.m.c.i.embedder.EclipseLogger - Using 'UTF-8' encoding to copy filtered properties files.
2022-02-03 20:03:27,937 [Worker-9: Building] INFO  o.e.m.c.i.embedder.EclipseLogger - Copying 0 resource
2022-02-03 20:03:27,937 [Worker-9: Building] INFO  o.e.m.c.i.embedder.EclipseLogger - Copying 0 resource
2022-02-03 20:03:27,943 [Worker-9: Building] INFO  o.e.m.c.i.embedder.EclipseLogger - Using 'UTF-8' encoding to copy filtered resources.
2022-02-03 20:03:27,943 [Worker-9: Building] INFO  o.e.m.c.i.embedder.EclipseLogger - Using 'UTF-8' encoding to copy filtered properties files.
2022-02-03 20:03:27,943 [Worker-9: Building] INFO  o.e.m.c.i.embedder.EclipseLogger - skip non existing resourceDirectory /home/asier/eclipse-2021-workspace/Microservices/Synch/SpringCloud/Feign-Eureka-Resilience4j/servicel2a/src/test/resources
2022-02-03 20:04:36,626 [Worker-10: Building] INFO  o.e.m.c.i.embedder.EclipseLogger - Using 'UTF-8' encoding to copy filtered resources.
2022-02-03 20:04:36,626 [Worker-10: Building] INFO  o.e.m.c.i.embedder.EclipseLogger - Using 'UTF-8' encoding to copy filtered properties files.
2022-02-03 20:04:36,627 [Worker-10: Building] INFO  o.e.m.c.i.embedder.EclipseLogger - Copying 1 resource
2022-02-03 20:04:36,677 [Worker-10: Building] INFO  o.e.m.c.i.embedder.EclipseLogger - Copying 0 resource
2022-02-03 20:04:36,696 [Worker-10: Building] INFO  o.e.m.c.i.embedder.EclipseLogger - Using 'UTF-8' encoding to copy filtered resources.
2022-02-03 20:04:36,700 [Worker-10: Building] INFO  o.e.m.c.i.embedder.EclipseLogger - Using 'UTF-8' encoding to copy filtered properties files.
2022-02-03 20:04:36,700 [Worker-10: Building] INFO  o.e.m.c.i.embedder.EclipseLogger - skip non existing resourceDirectory /home/asier/eclipse-2021-workspace/Microservices/Synch/SpringCloud/Feign-Eureka-Resilience4j/eurekaserver/src/test/resources
2022-02-03 20:05:16,737 [Worker-7: Building] INFO  o.e.m.c.i.embedder.EclipseLogger - Using 'UTF-8' encoding to copy filtered resources.
2022-02-03 20:05:16,737 [Worker-7: Building] INFO  o.e.m.c.i.embedder.EclipseLogger - Using 'UTF-8' encoding to copy filtered properties files.
2022-02-03 20:05:16,737 [Worker-7: Building] INFO  o.e.m.c.i.embedder.EclipseLogger - Copying 1 resource
2022-02-03 20:05:16,833 [Worker-7: Building] INFO  o.e.m.c.i.embedder.EclipseLogger - Copying 0 resource
2022-02-03 20:05:16,837 [Worker-7: Building] INFO  o.e.m.c.i.embedder.EclipseLogger - Using 'UTF-8' encoding to copy filtered resources.
2022-02-03 20:05:16,838 [Worker-7: Building] INFO  o.e.m.c.i.embedder.EclipseLogger - Using 'UTF-8' encoding to copy filtered properties files.
2022-02-03 20:05:16,838 [Worker-7: Building] INFO  o.e.m.c.i.embedder.EclipseLogger - skip non existing resourceDirectory /home/asier/eclipse-2021-workspace/Microservices/Synch/SpringCloud/Feign-Eureka-Resilience4j/eurekaserver/src/test/resources
2022-02-03 20:05:18,872 [Worker-15: Building] INFO  o.e.m.c.i.embedder.EclipseLogger - Using 'UTF-8' encoding to copy filtered resources.
2022-02-03 20:05:18,872 [Worker-15: Building] INFO  o.e.m.c.i.embedder.EclipseLogger - Using 'UTF-8' encoding to copy filtered properties files.
2022-02-03 20:05:18,872 [Worker-15: Building] INFO  o.e.m.c.i.embedder.EclipseLogger - Copying 1 resource
2022-02-03 20:05:18,949 [Worker-15: Building] INFO  o.e.m.c.i.embedder.EclipseLogger - Copying 0 resource
2022-02-03 20:05:18,965 [Worker-15: Building] INFO  o.e.m.c.i.embedder.EclipseLogger - Using 'UTF-8' encoding to copy filtered resources.
2022-02-03 20:05:18,965 [Worker-15: Building] INFO  o.e.m.c.i.embedder.EclipseLogger - Using 'UTF-8' encoding to copy filtered properties files.
2022-02-03 20:05:18,965 [Worker-15: Building] INFO  o.e.m.c.i.embedder.EclipseLogger - skip non existing resourceDirectory /home/asier/eclipse-2021-workspace/Microservices/Synch/SpringCloud/Feign-Eureka-Resilience4j/eurekaserver/src/test/resources
2022-02-03 20:05:29,798 [Worker-9: Building] INFO  o.e.m.c.i.embedder.EclipseLogger - Using 'UTF-8' encoding to copy filtered resources.
2022-02-03 20:05:29,798 [Worker-9: Building] INFO  o.e.m.c.i.embedder.EclipseLogger - Using 'UTF-8' encoding to copy filtered properties files.
2022-02-03 20:05:29,799 [Worker-9: Building] INFO  o.e.m.c.i.embedder.EclipseLogger - Copying 1 resource
2022-02-03 20:05:29,871 [Worker-9: Building] INFO  o.e.m.c.i.embedder.EclipseLogger - Copying 0 resource
2022-02-03 20:05:29,879 [Worker-9: Building] INFO  o.e.m.c.i.embedder.EclipseLogger - Using 'UTF-8' encoding to copy filtered resources.
2022-02-03 20:05:29,879 [Worker-9: Building] INFO  o.e.m.c.i.embedder.EclipseLogger - Using 'UTF-8' encoding to copy filtered properties files.
2022-02-03 20:05:29,879 [Worker-9: Building] INFO  o.e.m.c.i.embedder.EclipseLogger - skip non existing resourceDirectory /home/asier/eclipse-2021-workspace/Microservices/Synch/SpringCloud/Feign-Eureka-Resilience4j/servicel2a/src/test/resources
2022-02-03 20:05:34,854 [Worker-16: Building] INFO  o.e.m.c.i.embedder.EclipseLogger - Using 'UTF-8' encoding to copy filtered resources.
2022-02-03 20:05:34,855 [Worker-16: Building] INFO  o.e.m.c.i.embedder.EclipseLogger - Using 'UTF-8' encoding to copy filtered properties files.
2022-02-03 20:05:34,855 [Worker-16: Building] INFO  o.e.m.c.i.embedder.EclipseLogger - Copying 1 resource
2022-02-03 20:05:34,944 [Worker-16: Building] INFO  o.e.m.c.i.embedder.EclipseLogger - Copying 0 resource
2022-02-03 20:05:34,964 [Worker-16: Building] INFO  o.e.m.c.i.embedder.EclipseLogger - Using 'UTF-8' encoding to copy filtered resources.
2022-02-03 20:05:34,969 [Worker-16: Building] INFO  o.e.m.c.i.embedder.EclipseLogger - Using 'UTF-8' encoding to copy filtered properties files.
2022-02-03 20:05:34,969 [Worker-16: Building] INFO  o.e.m.c.i.embedder.EclipseLogger - skip non existing resourceDirectory /home/asier/eclipse-2021-workspace/Microservices/Synch/SpringCloud/Feign-Eureka-Resilience4j/servicel2a/src/test/resources
2022-02-03 20:08:51,197 [Worker-4: Building] INFO  o.e.m.c.i.l.LifecycleMappingFactory - Using org.eclipse.m2e.jdt.JarLifecycleMapping lifecycle mapping for MavenProject: micros.synch.springcloud:servicel2a:0.0.1-SNAPSHOT @ /home/asier/eclipse-2021-workspace/Microservices/Synch/SpringCloud/Feign-Eureka-Resilience4j/servicel2a/pom.xml.
2022-02-03 20:10:03,146 [Worker-10: reload maven project] ERROR o.e.m2e.editor.pom.MavenPomEditor - failed to load maven project for org.eclipse.ui.part.FileEditorInput(/servicel2a/pom.xml)
org.eclipse.core.runtime.CoreException: Could not read maven project
	at org.eclipse.m2e.core.internal.project.registry.ProjectRegistryManager.readProjectWithDependencies(ProjectRegistryManager.java:850)
	at org.eclipse.m2e.core.internal.project.registry.ProjectRegistryManager.lambda$22(ProjectRegistryManager.java:1069)
	at com.google.common.cache.LocalCache$LocalManualCache$1.load(LocalCache.java:4878)
	at com.google.common.cache.LocalCache$LoadingValueReference.loadFuture(LocalCache.java:3529)
	at com.google.common.cache.LocalCache$Segment.loadSync(LocalCache.java:2278)
	at com.google.common.cache.LocalCache$Segment.lockedGetOrLoad(LocalCache.java:2155)
	at com.google.common.cache.LocalCache$Segment.get(LocalCache.java:2045)
	at com.google.common.cache.LocalCache.get(LocalCache.java:3953)
	at com.google.common.cache.LocalCache$LocalManualCache.get(LocalCache.java:4873)
	at org.eclipse.m2e.core.internal.project.registry.ProjectRegistryManager.getMavenProject(ProjectRegistryManager.java:1068)
	at org.eclipse.m2e.core.internal.project.registry.MavenProjectFacade.getMavenProject(MavenProjectFacade.java:251)
	at org.eclipse.m2e.core.ui.internal.actions.SelectionUtil.getMavenProject(SelectionUtil.java:261)
	at org.eclipse.m2e.editor.pom.MavenPomEditor.readMavenProject(MavenPomEditor.java:634)
	at org.eclipse.m2e.editor.pom.MavenPomEditor$3.run(MavenPomEditor.java:938)
	at org.eclipse.core.internal.jobs.Worker.run(Worker.java:63)
2022-02-03 20:10:03,563 [Worker-4: Building] INFO  o.e.m.c.i.l.LifecycleMappingFactory - Using org.eclipse.m2e.jdt.JarLifecycleMapping lifecycle mapping for MavenProject: micros.synch.springcloud:servicel2a:0.0.1-SNAPSHOT @ /home/asier/eclipse-2021-workspace/Microservices/Synch/SpringCloud/Feign-Eureka-Resilience4j/servicel2a/pom.xml.
2022-02-03 20:10:34,577 [Worker-4: Building] INFO  o.e.m.c.i.l.LifecycleMappingFactory - Using org.eclipse.m2e.jdt.JarLifecycleMapping lifecycle mapping for MavenProject: micros.synch.springcloud:servicel2a:0.0.1-SNAPSHOT @ /home/asier/eclipse-2021-workspace/Microservices/Synch/SpringCloud/Feign-Eureka-Resilience4j/servicel2a/pom.xml.
2022-02-03 20:10:35,234 [Worker-4: Building] INFO  o.e.m.c.i.embedder.EclipseLogger - Using 'UTF-8' encoding to copy filtered resources.
2022-02-03 20:10:35,234 [Worker-4: Building] INFO  o.e.m.c.i.embedder.EclipseLogger - Using 'UTF-8' encoding to copy filtered properties files.
2022-02-03 20:10:35,235 [Worker-4: Building] INFO  o.e.m.c.i.embedder.EclipseLogger - Copying 0 resource
2022-02-03 20:10:35,235 [Worker-4: Building] INFO  o.e.m.c.i.embedder.EclipseLogger - Copying 0 resource
2022-02-03 20:10:35,238 [Worker-4: Building] INFO  o.e.m.c.i.embedder.EclipseLogger - Using 'UTF-8' encoding to copy filtered resources.
2022-02-03 20:10:35,238 [Worker-4: Building] INFO  o.e.m.c.i.embedder.EclipseLogger - Using 'UTF-8' encoding to copy filtered properties files.
2022-02-03 20:10:35,238 [Worker-4: Building] INFO  o.e.m.c.i.embedder.EclipseLogger - skip non existing resourceDirectory /home/asier/eclipse-2021-workspace/Microservices/Synch/SpringCloud/Feign-Eureka-Resilience4j/servicel2a/src/test/resources
2022-02-03 20:10:37,398 [Worker-10: Building] INFO  o.e.m.c.i.embedder.EclipseLogger - Using 'UTF-8' encoding to copy filtered resources.
2022-02-03 20:10:37,398 [Worker-10: Building] INFO  o.e.m.c.i.embedder.EclipseLogger - Using 'UTF-8' encoding to copy filtered properties files.
2022-02-03 20:10:37,399 [Worker-10: Building] INFO  o.e.m.c.i.embedder.EclipseLogger - Copying 1 resource
2022-02-03 20:10:37,401 [Worker-10: Building] INFO  o.e.m.c.i.embedder.EclipseLogger - Copying 0 resource
2022-02-03 20:10:37,407 [Worker-10: Building] INFO  o.e.m.c.i.embedder.EclipseLogger - Using 'UTF-8' encoding to copy filtered resources.
2022-02-03 20:10:37,407 [Worker-10: Building] INFO  o.e.m.c.i.embedder.EclipseLogger - Using 'UTF-8' encoding to copy filtered properties files.
2022-02-03 20:10:37,407 [Worker-10: Building] INFO  o.e.m.c.i.embedder.EclipseLogger - skip non existing resourceDirectory /home/asier/eclipse-2021-workspace/Microservices/Synch/SpringCloud/Feign-Eureka-Resilience4j/servicel2a/src/test/resources
2022-02-03 20:10:57,297 [Worker-17: Building] INFO  o.e.m.c.i.l.LifecycleMappingFactory - Using org.eclipse.m2e.jdt.JarLifecycleMapping lifecycle mapping for MavenProject: micros.synch.springcloud:servicel1a:0.0.1-SNAPSHOT @ /home/asier/eclipse-2021-workspace/Microservices/Synch/SpringCloud/Feign-Eureka-Resilience4j/servicel1a/pom.xml.
2022-02-03 20:10:57,805 [Worker-17: Building] INFO  o.e.m.c.i.embedder.EclipseLogger - Using 'UTF-8' encoding to copy filtered resources.
2022-02-03 20:10:57,806 [Worker-17: Building] INFO  o.e.m.c.i.embedder.EclipseLogger - Using 'UTF-8' encoding to copy filtered properties files.
2022-02-03 20:10:57,806 [Worker-17: Building] INFO  o.e.m.c.i.embedder.EclipseLogger - Copying 0 resource
2022-02-03 20:10:57,806 [Worker-17: Building] INFO  o.e.m.c.i.embedder.EclipseLogger - Copying 0 resource
2022-02-03 20:10:57,812 [Worker-17: Building] INFO  o.e.m.c.i.embedder.EclipseLogger - Using 'UTF-8' encoding to copy filtered resources.
2022-02-03 20:10:57,812 [Worker-17: Building] INFO  o.e.m.c.i.embedder.EclipseLogger - Using 'UTF-8' encoding to copy filtered properties files.
2022-02-03 20:10:57,812 [Worker-17: Building] INFO  o.e.m.c.i.embedder.EclipseLogger - skip non existing resourceDirectory /home/asier/eclipse-2021-workspace/Microservices/Synch/SpringCloud/Feign-Eureka-Resilience4j/servicel1a/src/test/resources
2022-02-03 20:10:59,137 [Worker-4: Building] INFO  o.e.m.c.i.embedder.EclipseLogger - Using 'UTF-8' encoding to copy filtered resources.
2022-02-03 20:10:59,137 [Worker-4: Building] INFO  o.e.m.c.i.embedder.EclipseLogger - Using 'UTF-8' encoding to copy filtered properties files.
2022-02-03 20:10:59,138 [Worker-4: Building] INFO  o.e.m.c.i.embedder.EclipseLogger - Copying 1 resource
2022-02-03 20:10:59,140 [Worker-4: Building] INFO  o.e.m.c.i.embedder.EclipseLogger - Copying 0 resource
2022-02-03 20:10:59,146 [Worker-4: Building] INFO  o.e.m.c.i.embedder.EclipseLogger - Using 'UTF-8' encoding to copy filtered resources.
2022-02-03 20:10:59,146 [Worker-4: Building] INFO  o.e.m.c.i.embedder.EclipseLogger - Using 'UTF-8' encoding to copy filtered properties files.
2022-02-03 20:10:59,146 [Worker-4: Building] INFO  o.e.m.c.i.embedder.EclipseLogger - skip non existing resourceDirectory /home/asier/eclipse-2021-workspace/Microservices/Synch/SpringCloud/Feign-Eureka-Resilience4j/servicel1a/src/test/resources
2022-02-03 20:33:14,600 [Worker-20: Building] INFO  o.e.m.c.i.embedder.EclipseLogger - Using 'UTF-8' encoding to copy filtered resources.
2022-02-03 20:33:14,601 [Worker-20: Building] INFO  o.e.m.c.i.embedder.EclipseLogger - Using 'UTF-8' encoding to copy filtered properties files.
2022-02-03 20:33:14,604 [Worker-20: Building] INFO  o.e.m.c.i.embedder.EclipseLogger - Copying 1 resource
2022-02-03 20:33:14,753 [Worker-20: Building] INFO  o.e.m.c.i.embedder.EclipseLogger - Copying 0 resource
2022-02-03 20:33:14,761 [Worker-20: Building] INFO  o.e.m.c.i.embedder.EclipseLogger - Using 'UTF-8' encoding to copy filtered resources.
2022-02-03 20:33:14,763 [Worker-20: Building] INFO  o.e.m.c.i.embedder.EclipseLogger - Using 'UTF-8' encoding to copy filtered properties files.
2022-02-03 20:33:14,763 [Worker-20: Building] INFO  o.e.m.c.i.embedder.EclipseLogger - skip non existing resourceDirectory /home/asier/eclipse-2021-workspace/Microservices/Synch/SpringCloud/Feign-Eureka-Resilience4j/servicel1a/src/test/resources
2022-02-03 20:33:29,501 [Worker-20: Building] INFO  o.e.m.c.i.embedder.EclipseLogger - Using 'UTF-8' encoding to copy filtered resources.
2022-02-03 20:33:29,501 [Worker-20: Building] INFO  o.e.m.c.i.embedder.EclipseLogger - Using 'UTF-8' encoding to copy filtered properties files.
2022-02-03 20:33:29,501 [Worker-20: Building] INFO  o.e.m.c.i.embedder.EclipseLogger - Copying 1 resource
2022-02-03 20:33:29,566 [Worker-20: Building] INFO  o.e.m.c.i.embedder.EclipseLogger - Copying 0 resource
2022-02-03 20:33:29,575 [Worker-20: Building] INFO  o.e.m.c.i.embedder.EclipseLogger - Using 'UTF-8' encoding to copy filtered resources.
2022-02-03 20:33:29,576 [Worker-20: Building] INFO  o.e.m.c.i.embedder.EclipseLogger - Using 'UTF-8' encoding to copy filtered properties files.
2022-02-03 20:33:29,576 [Worker-20: Building] INFO  o.e.m.c.i.embedder.EclipseLogger - skip non existing resourceDirectory /home/asier/eclipse-2021-workspace/Microservices/Synch/SpringCloud/Feign-Eureka-Resilience4j/servicel1a/src/test/resources
2022-02-03 20:33:40,766 [Worker-21: Building] INFO  o.e.m.c.i.embedder.EclipseLogger - Using 'UTF-8' encoding to copy filtered resources.
2022-02-03 20:33:40,767 [Worker-21: Building] INFO  o.e.m.c.i.embedder.EclipseLogger - Using 'UTF-8' encoding to copy filtered properties files.
2022-02-03 20:33:40,767 [Worker-21: Building] INFO  o.e.m.c.i.embedder.EclipseLogger - Copying 1 resource
2022-02-03 20:33:40,792 [Worker-21: Building] INFO  o.e.m.c.i.embedder.EclipseLogger - Copying 0 resource
2022-02-03 20:33:40,798 [Worker-21: Building] INFO  o.e.m.c.i.embedder.EclipseLogger - Using 'UTF-8' encoding to copy filtered resources.
2022-02-03 20:33:40,798 [Worker-21: Building] INFO  o.e.m.c.i.embedder.EclipseLogger - Using 'UTF-8' encoding to copy filtered properties files.
2022-02-03 20:33:40,798 [Worker-21: Building] INFO  o.e.m.c.i.embedder.EclipseLogger - skip non existing resourceDirectory /home/asier/eclipse-2021-workspace/Microservices/Synch/SpringCloud/Feign-Eureka-Resilience4j/servicel1a/src/test/resources
2022-02-03 20:40:21,455 [Worker-22: Building] INFO  o.e.m.c.i.embedder.EclipseLogger - Using 'UTF-8' encoding to copy filtered resources.
2022-02-03 20:40:21,455 [Worker-22: Building] INFO  o.e.m.c.i.embedder.EclipseLogger - Using 'UTF-8' encoding to copy filtered properties files.
2022-02-03 20:40:21,456 [Worker-22: Building] INFO  o.e.m.c.i.embedder.EclipseLogger - Copying 1 resource
2022-02-03 20:40:21,563 [Worker-22: Building] INFO  o.e.m.c.i.embedder.EclipseLogger - Copying 0 resource
2022-02-03 20:40:21,575 [Worker-22: Building] INFO  o.e.m.c.i.embedder.EclipseLogger - Using 'UTF-8' encoding to copy filtered resources.
2022-02-03 20:40:21,575 [Worker-22: Building] INFO  o.e.m.c.i.embedder.EclipseLogger - Using 'UTF-8' encoding to copy filtered properties files.
2022-02-03 20:40:21,576 [Worker-22: Building] INFO  o.e.m.c.i.embedder.EclipseLogger - skip non existing resourceDirectory /home/asier/eclipse-2021-workspace/Microservices/Synch/SpringCloud/Feign-Eureka-Resilience4j/servicel1a/src/test/resources
2022-02-03 20:50:38,582 [Worker-24: Building] INFO  o.e.m.c.i.embedder.EclipseLogger - Using 'UTF-8' encoding to copy filtered resources.
2022-02-03 20:50:38,582 [Worker-24: Building] INFO  o.e.m.c.i.embedder.EclipseLogger - Using 'UTF-8' encoding to copy filtered properties files.
2022-02-03 20:50:38,582 [Worker-24: Building] INFO  o.e.m.c.i.embedder.EclipseLogger - Copying 1 resource
2022-02-03 20:50:38,735 [Worker-24: Building] INFO  o.e.m.c.i.embedder.EclipseLogger - Copying 0 resource
2022-02-03 20:50:38,767 [Worker-24: Building] INFO  o.e.m.c.i.embedder.EclipseLogger - Using 'UTF-8' encoding to copy filtered resources.
2022-02-03 20:50:38,767 [Worker-24: Building] INFO  o.e.m.c.i.embedder.EclipseLogger - Using 'UTF-8' encoding to copy filtered properties files.
2022-02-03 20:50:38,767 [Worker-24: Building] INFO  o.e.m.c.i.embedder.EclipseLogger - skip non existing resourceDirectory /home/asier/eclipse-2021-workspace/Microservices/Synch/SpringCloud/Feign-Eureka-Resilience4j/servicel1a/src/test/resources
2022-02-03 21:03:03,963 [Worker-1: Loading available Gradle versions] INFO  o.e.b.c.i.u.g.PublishedGradleVersions - Gradle version information cache is up-to-date. Trying to read.
2022-02-03 21:06:42,539 [Worker-10: Building] INFO  o.e.m.c.i.embedder.EclipseLogger - Using 'UTF-8' encoding to copy filtered resources.
2022-02-03 21:06:42,541 [Worker-10: Building] INFO  o.e.m.c.i.embedder.EclipseLogger - Using 'UTF-8' encoding to copy filtered properties files.
2022-02-03 21:06:42,547 [Worker-10: Building] INFO  o.e.m.c.i.embedder.EclipseLogger - Copying 1 resource
2022-02-03 21:06:42,741 [Worker-10: Building] INFO  o.e.m.c.i.embedder.EclipseLogger - Copying 0 resource
2022-02-03 21:06:42,762 [Worker-10: Building] INFO  o.e.m.c.i.embedder.EclipseLogger - Using 'UTF-8' encoding to copy filtered resources.
2022-02-03 21:06:42,762 [Worker-10: Building] INFO  o.e.m.c.i.embedder.EclipseLogger - Using 'UTF-8' encoding to copy filtered properties files.
2022-02-03 21:06:42,766 [Worker-10: Building] INFO  o.e.m.c.i.embedder.EclipseLogger - skip non existing resourceDirectory /home/asier/eclipse-2021-workspace/Microservices/Synch/SpringCloud/Feign-Eureka-Resilience4j/servicel1a/src/test/resources
2022-02-03 21:07:22,633 [Worker-10: Building] INFO  o.e.m.c.i.embedder.EclipseLogger - Using 'UTF-8' encoding to copy filtered resources.
2022-02-03 21:07:22,633 [Worker-10: Building] INFO  o.e.m.c.i.embedder.EclipseLogger - Using 'UTF-8' encoding to copy filtered properties files.
2022-02-03 21:07:22,639 [Worker-10: Building] INFO  o.e.m.c.i.embedder.EclipseLogger - Copying 1 resource
2022-02-03 21:07:22,751 [Worker-10: Building] INFO  o.e.m.c.i.embedder.EclipseLogger - Copying 0 resource
2022-02-03 21:07:22,782 [Worker-10: Building] INFO  o.e.m.c.i.embedder.EclipseLogger - Using 'UTF-8' encoding to copy filtered resources.
2022-02-03 21:07:22,782 [Worker-10: Building] INFO  o.e.m.c.i.embedder.EclipseLogger - Using 'UTF-8' encoding to copy filtered properties files.
2022-02-03 21:07:22,782 [Worker-10: Building] INFO  o.e.m.c.i.embedder.EclipseLogger - skip non existing resourceDirectory /home/asier/eclipse-2021-workspace/Microservices/Synch/SpringCloud/Feign-Eureka-Resilience4j/servicel1a/src/test/resources
2022-02-03 21:07:56,284 [Worker-11: Building] INFO  o.e.m.c.i.embedder.EclipseLogger - Using 'UTF-8' encoding to copy filtered resources.
2022-02-03 21:07:56,285 [Worker-11: Building] INFO  o.e.m.c.i.embedder.EclipseLogger - Using 'UTF-8' encoding to copy filtered properties files.
2022-02-03 21:07:56,285 [Worker-11: Building] INFO  o.e.m.c.i.embedder.EclipseLogger - Copying 1 resource
2022-02-03 21:07:56,410 [Worker-11: Building] INFO  o.e.m.c.i.embedder.EclipseLogger - Copying 0 resource
2022-02-03 21:07:56,433 [Worker-11: Building] INFO  o.e.m.c.i.embedder.EclipseLogger - Using 'UTF-8' encoding to copy filtered resources.
2022-02-03 21:07:56,433 [Worker-11: Building] INFO  o.e.m.c.i.embedder.EclipseLogger - Using 'UTF-8' encoding to copy filtered properties files.
2022-02-03 21:07:56,433 [Worker-11: Building] INFO  o.e.m.c.i.embedder.EclipseLogger - skip non existing resourceDirectory /home/asier/eclipse-2021-workspace/Microservices/Synch/SpringCloud/Feign-Eureka-Resilience4j/servicel1a/src/test/resources
2022-02-03 21:11:51,418 [Worker-13: Building] INFO  o.e.m.c.i.l.LifecycleMappingFactory - Using org.eclipse.m2e.jdt.JarLifecycleMapping lifecycle mapping for MavenProject: micros.synch.springcloud:servicel1a:0.0.1-SNAPSHOT @ /home/asier/eclipse-2021-workspace/Microservices/Synch/SpringCloud/Feign-Eureka-Resilience4j/servicel1a/pom.xml.
2022-02-03 21:11:53,395 [Worker-13: Building] INFO  o.e.m.c.i.embedder.EclipseLogger - Using 'UTF-8' encoding to copy filtered resources.
2022-02-03 21:11:53,395 [Worker-13: Building] INFO  o.e.m.c.i.embedder.EclipseLogger - Using 'UTF-8' encoding to copy filtered properties files.
2022-02-03 21:11:53,398 [Worker-13: Building] INFO  o.e.m.c.i.embedder.EclipseLogger - Copying 0 resource
2022-02-03 21:11:53,406 [Worker-13: Building] INFO  o.e.m.c.i.embedder.EclipseLogger - Copying 0 resource
2022-02-03 21:11:53,410 [Worker-13: Building] INFO  o.e.m.c.i.embedder.EclipseLogger - Using 'UTF-8' encoding to copy filtered resources.
2022-02-03 21:11:53,410 [Worker-13: Building] INFO  o.e.m.c.i.embedder.EclipseLogger - Using 'UTF-8' encoding to copy filtered properties files.
2022-02-03 21:11:53,410 [Worker-13: Building] INFO  o.e.m.c.i.embedder.EclipseLogger - skip non existing resourceDirectory /home/asier/eclipse-2021-workspace/Microservices/Synch/SpringCloud/Feign-Eureka-Resilience4j/servicel1a/src/test/resources
2022-02-03 21:11:56,684 [Worker-3: Building] INFO  o.e.m.c.i.embedder.EclipseLogger - Using 'UTF-8' encoding to copy filtered resources.
2022-02-03 21:11:56,684 [Worker-3: Building] INFO  o.e.m.c.i.embedder.EclipseLogger - Using 'UTF-8' encoding to copy filtered properties files.
2022-02-03 21:11:56,685 [Worker-3: Building] INFO  o.e.m.c.i.embedder.EclipseLogger - Copying 1 resource
2022-02-03 21:11:56,720 [Worker-3: Building] INFO  o.e.m.c.i.embedder.EclipseLogger - Copying 0 resource
2022-02-03 21:11:56,735 [Worker-3: Building] INFO  o.e.m.c.i.embedder.EclipseLogger - Using 'UTF-8' encoding to copy filtered resources.
2022-02-03 21:11:56,735 [Worker-3: Building] INFO  o.e.m.c.i.embedder.EclipseLogger - Using 'UTF-8' encoding to copy filtered properties files.
2022-02-03 21:11:56,735 [Worker-3: Building] INFO  o.e.m.c.i.embedder.EclipseLogger - skip non existing resourceDirectory /home/asier/eclipse-2021-workspace/Microservices/Synch/SpringCloud/Feign-Eureka-Resilience4j/servicel1a/src/test/resources
2022-02-03 21:12:22,430 [Worker-11: Building] INFO  o.e.m.c.i.l.LifecycleMappingFactory - Using org.eclipse.m2e.jdt.JarLifecycleMapping lifecycle mapping for MavenProject: micros.synch.springcloud:servicel2a:0.0.1-SNAPSHOT @ /home/asier/eclipse-2021-workspace/Microservices/Synch/SpringCloud/Feign-Eureka-Resilience4j/servicel2a/pom.xml.
2022-02-03 21:12:23,640 [Worker-11: Building] INFO  o.e.m.c.i.embedder.EclipseLogger - Using 'UTF-8' encoding to copy filtered resources.
2022-02-03 21:12:23,640 [Worker-11: Building] INFO  o.e.m.c.i.embedder.EclipseLogger - Using 'UTF-8' encoding to copy filtered properties files.
2022-02-03 21:12:23,641 [Worker-11: Building] INFO  o.e.m.c.i.embedder.EclipseLogger - Copying 1 resource
2022-02-03 21:12:23,657 [Worker-11: Building] INFO  o.e.m.c.i.embedder.EclipseLogger - Copying 0 resource
2022-02-03 21:12:23,681 [Worker-11: Building] INFO  o.e.m.c.i.embedder.EclipseLogger - Using 'UTF-8' encoding to copy filtered resources.
2022-02-03 21:12:23,681 [Worker-11: Building] INFO  o.e.m.c.i.embedder.EclipseLogger - Using 'UTF-8' encoding to copy filtered properties files.
2022-02-03 21:12:23,681 [Worker-11: Building] INFO  o.e.m.c.i.embedder.EclipseLogger - skip non existing resourceDirectory /home/asier/eclipse-2021-workspace/Microservices/Synch/SpringCloud/Feign-Eureka-Resilience4j/servicel2a/src/test/resources
2022-02-03 21:12:25,766 [Worker-16: Building] INFO  o.e.m.c.i.embedder.EclipseLogger - Using 'UTF-8' encoding to copy filtered resources.
2022-02-03 21:12:25,766 [Worker-16: Building] INFO  o.e.m.c.i.embedder.EclipseLogger - Using 'UTF-8' encoding to copy filtered properties files.
2022-02-03 21:12:25,766 [Worker-16: Building] INFO  o.e.m.c.i.embedder.EclipseLogger - Copying 1 resource
2022-02-03 21:12:25,776 [Worker-16: Building] INFO  o.e.m.c.i.embedder.EclipseLogger - Copying 0 resource
2022-02-03 21:12:25,781 [Worker-16: Building] INFO  o.e.m.c.i.embedder.EclipseLogger - Using 'UTF-8' encoding to copy filtered resources.
2022-02-03 21:12:25,782 [Worker-16: Building] INFO  o.e.m.c.i.embedder.EclipseLogger - Using 'UTF-8' encoding to copy filtered properties files.
2022-02-03 21:12:25,782 [Worker-16: Building] INFO  o.e.m.c.i.embedder.EclipseLogger - skip non existing resourceDirectory /home/asier/eclipse-2021-workspace/Microservices/Synch/SpringCloud/Feign-Eureka-Resilience4j/servicel2a/src/test/resources
2022-02-04 19:39:39,812 [Worker-4: Loading available Gradle versions] INFO  o.e.b.c.i.u.g.PublishedGradleVersions - Gradle version information cache is up-to-date. Trying to read.
2022-02-04 19:59:26,614 [Worker-8: Building] INFO  o.e.m.c.i.embedder.EclipseLogger - Using 'UTF-8' encoding to copy filtered resources.
2022-02-04 19:59:26,620 [Worker-8: Building] INFO  o.e.m.c.i.embedder.EclipseLogger - Using 'UTF-8' encoding to copy filtered properties files.
2022-02-04 19:59:26,646 [Worker-8: Building] INFO  o.e.m.c.i.embedder.EclipseLogger - Copying 1 resource
2022-02-04 19:59:26,888 [Worker-8: Building] INFO  o.e.m.c.i.embedder.EclipseLogger - Copying 0 resource
2022-02-04 19:59:26,903 [Worker-8: Building] INFO  o.e.m.c.i.embedder.EclipseLogger - Using 'UTF-8' encoding to copy filtered resources.
2022-02-04 19:59:26,904 [Worker-8: Building] INFO  o.e.m.c.i.embedder.EclipseLogger - Using 'UTF-8' encoding to copy filtered properties files.
2022-02-04 19:59:26,904 [Worker-8: Building] INFO  o.e.m.c.i.embedder.EclipseLogger - skip non existing resourceDirectory /home/asier/eclipse-2021-workspace/Microservices/Synch/SpringCloud/Feign-Eureka-Resilience4j/servicel1a/src/test/resources
2022-02-04 19:59:32,563 [Worker-20: Building] INFO  o.e.m.c.i.embedder.EclipseLogger - Using 'UTF-8' encoding to copy filtered resources.
2022-02-04 19:59:32,564 [Worker-20: Building] INFO  o.e.m.c.i.embedder.EclipseLogger - Using 'UTF-8' encoding to copy filtered properties files.
2022-02-04 19:59:32,567 [Worker-20: Building] INFO  o.e.m.c.i.embedder.EclipseLogger - Copying 1 resource
2022-02-04 19:59:32,612 [Worker-20: Building] INFO  o.e.m.c.i.embedder.EclipseLogger - Copying 0 resource
2022-02-04 19:59:32,628 [Worker-20: Building] INFO  o.e.m.c.i.embedder.EclipseLogger - Using 'UTF-8' encoding to copy filtered resources.
2022-02-04 19:59:32,628 [Worker-20: Building] INFO  o.e.m.c.i.embedder.EclipseLogger - Using 'UTF-8' encoding to copy filtered properties files.
2022-02-04 19:59:32,628 [Worker-20: Building] INFO  o.e.m.c.i.embedder.EclipseLogger - skip non existing resourceDirectory /home/asier/eclipse-2021-workspace/Microservices/Synch/SpringCloud/Feign-Eureka-Resilience4j/servicel1a/src/test/resources
2022-02-04 20:00:14,869 [Worker-8: Building] INFO  o.e.m.c.i.embedder.EclipseLogger - Using 'UTF-8' encoding to copy filtered resources.
2022-02-04 20:00:14,869 [Worker-8: Building] INFO  o.e.m.c.i.embedder.EclipseLogger - Using 'UTF-8' encoding to copy filtered properties files.
2022-02-04 20:00:14,870 [Worker-8: Building] INFO  o.e.m.c.i.embedder.EclipseLogger - Copying 1 resource
2022-02-04 20:00:14,893 [Worker-8: Building] INFO  o.e.m.c.i.embedder.EclipseLogger - Copying 0 resource
2022-02-04 20:00:14,897 [Worker-8: Building] INFO  o.e.m.c.i.embedder.EclipseLogger - Using 'UTF-8' encoding to copy filtered resources.
2022-02-04 20:00:14,897 [Worker-8: Building] INFO  o.e.m.c.i.embedder.EclipseLogger - Using 'UTF-8' encoding to copy filtered properties files.
2022-02-04 20:00:14,897 [Worker-8: Building] INFO  o.e.m.c.i.embedder.EclipseLogger - skip non existing resourceDirectory /home/asier/eclipse-2021-workspace/Microservices/Synch/SpringCloud/Feign-Eureka-Resilience4j/servicel1a/src/test/resources
2022-02-04 20:02:09,081 [Worker-18: Building] INFO  o.e.m.c.i.embedder.EclipseLogger - Using 'UTF-8' encoding to copy filtered resources.
2022-02-04 20:02:09,081 [Worker-18: Building] INFO  o.e.m.c.i.embedder.EclipseLogger - Using 'UTF-8' encoding to copy filtered properties files.
2022-02-04 20:02:09,082 [Worker-18: Building] INFO  o.e.m.c.i.embedder.EclipseLogger - Copying 1 resource
2022-02-04 20:02:09,106 [Worker-18: Building] INFO  o.e.m.c.i.embedder.EclipseLogger - Copying 0 resource
2022-02-04 20:02:09,109 [Worker-18: Building] INFO  o.e.m.c.i.embedder.EclipseLogger - Using 'UTF-8' encoding to copy filtered resources.
2022-02-04 20:02:09,110 [Worker-18: Building] INFO  o.e.m.c.i.embedder.EclipseLogger - Using 'UTF-8' encoding to copy filtered properties files.
2022-02-04 20:02:09,110 [Worker-18: Building] INFO  o.e.m.c.i.embedder.EclipseLogger - skip non existing resourceDirectory /home/asier/eclipse-2021-workspace/Microservices/Synch/SpringCloud/Feign-Eureka-Resilience4j/servicel1a/src/test/resources
2022-02-04 20:02:46,824 [Worker-20: Building] INFO  o.e.m.c.i.embedder.EclipseLogger - Using 'UTF-8' encoding to copy filtered resources.
2022-02-04 20:02:46,824 [Worker-20: Building] INFO  o.e.m.c.i.embedder.EclipseLogger - Using 'UTF-8' encoding to copy filtered properties files.
2022-02-04 20:02:46,826 [Worker-20: Building] INFO  o.e.m.c.i.embedder.EclipseLogger - Copying 1 resource
2022-02-04 20:02:46,883 [Worker-20: Building] INFO  o.e.m.c.i.embedder.EclipseLogger - Copying 0 resource
2022-02-04 20:02:46,899 [Worker-20: Building] INFO  o.e.m.c.i.embedder.EclipseLogger - Using 'UTF-8' encoding to copy filtered resources.
2022-02-04 20:02:46,900 [Worker-20: Building] INFO  o.e.m.c.i.embedder.EclipseLogger - Using 'UTF-8' encoding to copy filtered properties files.
2022-02-04 20:02:46,900 [Worker-20: Building] INFO  o.e.m.c.i.embedder.EclipseLogger - skip non existing resourceDirectory /home/asier/eclipse-2021-workspace/Microservices/Synch/SpringCloud/Feign-Eureka-Resilience4j/servicel1a/src/test/resources
2022-02-04 20:02:55,841 [Worker-15: Building] INFO  o.e.m.c.i.embedder.EclipseLogger - Using 'UTF-8' encoding to copy filtered resources.
2022-02-04 20:02:55,843 [Worker-15: Building] INFO  o.e.m.c.i.embedder.EclipseLogger - Using 'UTF-8' encoding to copy filtered properties files.
2022-02-04 20:02:55,844 [Worker-15: Building] INFO  o.e.m.c.i.embedder.EclipseLogger - Copying 1 resource
2022-02-04 20:02:55,900 [Worker-15: Building] INFO  o.e.m.c.i.embedder.EclipseLogger - Copying 0 resource
2022-02-04 20:02:55,908 [Worker-15: Building] INFO  o.e.m.c.i.embedder.EclipseLogger - Using 'UTF-8' encoding to copy filtered resources.
2022-02-04 20:02:55,908 [Worker-15: Building] INFO  o.e.m.c.i.embedder.EclipseLogger - Using 'UTF-8' encoding to copy filtered properties files.
2022-02-04 20:02:55,908 [Worker-15: Building] INFO  o.e.m.c.i.embedder.EclipseLogger - skip non existing resourceDirectory /home/asier/eclipse-2021-workspace/Microservices/Synch/SpringCloud/Feign-Eureka-Resilience4j/servicel1a/src/test/resources
2022-02-04 20:06:21,254 [Worker-20: Building] INFO  o.e.m.c.i.embedder.EclipseLogger - Using 'UTF-8' encoding to copy filtered resources.
2022-02-04 20:06:21,254 [Worker-20: Building] INFO  o.e.m.c.i.embedder.EclipseLogger - Using 'UTF-8' encoding to copy filtered properties files.
2022-02-04 20:06:21,256 [Worker-20: Building] INFO  o.e.m.c.i.embedder.EclipseLogger - Copying 1 resource
2022-02-04 20:06:21,323 [Worker-20: Building] INFO  o.e.m.c.i.embedder.EclipseLogger - Copying 0 resource
2022-02-04 20:06:21,328 [Worker-20: Building] INFO  o.e.m.c.i.embedder.EclipseLogger - Using 'UTF-8' encoding to copy filtered resources.
2022-02-04 20:06:21,328 [Worker-20: Building] INFO  o.e.m.c.i.embedder.EclipseLogger - Using 'UTF-8' encoding to copy filtered properties files.
2022-02-04 20:06:21,328 [Worker-20: Building] INFO  o.e.m.c.i.embedder.EclipseLogger - skip non existing resourceDirectory /home/asier/eclipse-2021-workspace/Microservices/Synch/SpringCloud/Feign-Eureka-Resilience4j/servicel1a/src/test/resources
2022-02-04 20:06:46,502 [Worker-22: Building] INFO  o.e.m.c.i.embedder.EclipseLogger - Using 'UTF-8' encoding to copy filtered resources.
2022-02-04 20:06:46,502 [Worker-22: Building] INFO  o.e.m.c.i.embedder.EclipseLogger - Using 'UTF-8' encoding to copy filtered properties files.
2022-02-04 20:06:46,502 [Worker-22: Building] INFO  o.e.m.c.i.embedder.EclipseLogger - Copying 1 resource
2022-02-04 20:06:46,585 [Worker-22: Building] INFO  o.e.m.c.i.embedder.EclipseLogger - Copying 0 resource
2022-02-04 20:06:46,602 [Worker-22: Building] INFO  o.e.m.c.i.embedder.EclipseLogger - Using 'UTF-8' encoding to copy filtered resources.
2022-02-04 20:06:46,602 [Worker-22: Building] INFO  o.e.m.c.i.embedder.EclipseLogger - Using 'UTF-8' encoding to copy filtered properties files.
2022-02-04 20:06:46,602 [Worker-22: Building] INFO  o.e.m.c.i.embedder.EclipseLogger - skip non existing resourceDirectory /home/asier/eclipse-2021-workspace/Microservices/Synch/SpringCloud/Feign-Eureka-Resilience4j/servicel1a/src/test/resources
2022-02-04 20:16:02,846 [Worker-19: Building] INFO  o.e.m.c.i.embedder.EclipseLogger - Using 'UTF-8' encoding to copy filtered resources.
2022-02-04 20:16:02,846 [Worker-19: Building] INFO  o.e.m.c.i.embedder.EclipseLogger - Using 'UTF-8' encoding to copy filtered properties files.
2022-02-04 20:16:02,847 [Worker-19: Building] INFO  o.e.m.c.i.embedder.EclipseLogger - Copying 1 resource
2022-02-04 20:16:02,927 [Worker-19: Building] INFO  o.e.m.c.i.embedder.EclipseLogger - Copying 0 resource
2022-02-04 20:16:02,934 [Worker-19: Building] INFO  o.e.m.c.i.embedder.EclipseLogger - Using 'UTF-8' encoding to copy filtered resources.
2022-02-04 20:16:02,934 [Worker-19: Building] INFO  o.e.m.c.i.embedder.EclipseLogger - Using 'UTF-8' encoding to copy filtered properties files.
2022-02-04 20:16:02,934 [Worker-19: Building] INFO  o.e.m.c.i.embedder.EclipseLogger - skip non existing resourceDirectory /home/asier/eclipse-2021-workspace/Microservices/Synch/SpringCloud/Feign-Eureka-Resilience4j/servicel1a/src/test/resources
2022-02-04 20:17:45,115 [Worker-19: Building] INFO  o.e.m.c.i.embedder.EclipseLogger - Using 'UTF-8' encoding to copy filtered resources.
2022-02-04 20:17:45,115 [Worker-19: Building] INFO  o.e.m.c.i.embedder.EclipseLogger - Using 'UTF-8' encoding to copy filtered properties files.
2022-02-04 20:17:45,116 [Worker-19: Building] INFO  o.e.m.c.i.embedder.EclipseLogger - Copying 1 resource
2022-02-04 20:17:45,187 [Worker-19: Building] INFO  o.e.m.c.i.embedder.EclipseLogger - Copying 0 resource
2022-02-04 20:17:45,191 [Worker-19: Building] INFO  o.e.m.c.i.embedder.EclipseLogger - Using 'UTF-8' encoding to copy filtered resources.
2022-02-04 20:17:45,191 [Worker-19: Building] INFO  o.e.m.c.i.embedder.EclipseLogger - Using 'UTF-8' encoding to copy filtered properties files.
2022-02-04 20:17:45,191 [Worker-19: Building] INFO  o.e.m.c.i.embedder.EclipseLogger - skip non existing resourceDirectory /home/asier/eclipse-2021-workspace/Microservices/Synch/SpringCloud/Feign-Eureka-Resilience4j/servicel1a/src/test/resources
2022-02-04 20:22:12,284 [Worker-27: Building] INFO  o.e.m.c.i.embedder.EclipseLogger - Using 'UTF-8' encoding to copy filtered resources.
2022-02-04 20:22:12,287 [Worker-27: Building] INFO  o.e.m.c.i.embedder.EclipseLogger - Using 'UTF-8' encoding to copy filtered properties files.
2022-02-04 20:22:12,287 [Worker-27: Building] INFO  o.e.m.c.i.embedder.EclipseLogger - Copying 1 resource
2022-02-04 20:22:12,375 [Worker-27: Building] INFO  o.e.m.c.i.embedder.EclipseLogger - Copying 0 resource
2022-02-04 20:22:12,393 [Worker-27: Building] INFO  o.e.m.c.i.embedder.EclipseLogger - Using 'UTF-8' encoding to copy filtered resources.
2022-02-04 20:22:12,393 [Worker-27: Building] INFO  o.e.m.c.i.embedder.EclipseLogger - Using 'UTF-8' encoding to copy filtered properties files.
2022-02-04 20:22:12,393 [Worker-27: Building] INFO  o.e.m.c.i.embedder.EclipseLogger - skip non existing resourceDirectory /home/asier/eclipse-2021-workspace/Microservices/Synch/SpringCloud/Feign-Eureka-Resilience4j/servicel1a/src/test/resources
2022-02-04 20:23:18,350 [Worker-24: Building] INFO  o.e.m.c.i.embedder.EclipseLogger - Using 'UTF-8' encoding to copy filtered resources.
2022-02-04 20:23:18,351 [Worker-24: Building] INFO  o.e.m.c.i.embedder.EclipseLogger - Using 'UTF-8' encoding to copy filtered properties files.
2022-02-04 20:23:18,351 [Worker-24: Building] INFO  o.e.m.c.i.embedder.EclipseLogger - Copying 1 resource
2022-02-04 20:23:18,428 [Worker-24: Building] INFO  o.e.m.c.i.embedder.EclipseLogger - Copying 0 resource
2022-02-04 20:23:18,439 [Worker-24: Building] INFO  o.e.m.c.i.embedder.EclipseLogger - Using 'UTF-8' encoding to copy filtered resources.
2022-02-04 20:23:18,440 [Worker-24: Building] INFO  o.e.m.c.i.embedder.EclipseLogger - Using 'UTF-8' encoding to copy filtered properties files.
2022-02-04 20:23:18,440 [Worker-24: Building] INFO  o.e.m.c.i.embedder.EclipseLogger - skip non existing resourceDirectory /home/asier/eclipse-2021-workspace/Microservices/Synch/SpringCloud/Feign-Eureka-Resilience4j/servicel1a/src/test/resources
2022-02-04 20:29:28,051 [Worker-28: Building] INFO  o.e.m.c.i.embedder.EclipseLogger - Using 'UTF-8' encoding to copy filtered resources.
2022-02-04 20:29:28,051 [Worker-28: Building] INFO  o.e.m.c.i.embedder.EclipseLogger - Using 'UTF-8' encoding to copy filtered properties files.
2022-02-04 20:29:28,052 [Worker-28: Building] INFO  o.e.m.c.i.embedder.EclipseLogger - Copying 1 resource
2022-02-04 20:29:28,128 [Worker-28: Building] INFO  o.e.m.c.i.embedder.EclipseLogger - Copying 0 resource
2022-02-04 20:29:28,132 [Worker-28: Building] INFO  o.e.m.c.i.embedder.EclipseLogger - Using 'UTF-8' encoding to copy filtered resources.
2022-02-04 20:29:28,133 [Worker-28: Building] INFO  o.e.m.c.i.embedder.EclipseLogger - Using 'UTF-8' encoding to copy filtered properties files.
2022-02-04 20:29:28,133 [Worker-28: Building] INFO  o.e.m.c.i.embedder.EclipseLogger - skip non existing resourceDirectory /home/asier/eclipse-2021-workspace/Microservices/Synch/SpringCloud/Feign-Eureka-Resilience4j/servicel1a/src/test/resources
2022-02-04 20:40:10,606 [Worker-28: Building] INFO  o.e.m.c.i.embedder.EclipseLogger - Using 'UTF-8' encoding to copy filtered resources.
2022-02-04 20:40:10,607 [Worker-28: Building] INFO  o.e.m.c.i.embedder.EclipseLogger - Using 'UTF-8' encoding to copy filtered properties files.
2022-02-04 20:40:10,607 [Worker-28: Building] INFO  o.e.m.c.i.embedder.EclipseLogger - Copying 1 resource
2022-02-04 20:40:10,672 [Worker-28: Building] INFO  o.e.m.c.i.embedder.EclipseLogger - Copying 0 resource
2022-02-04 20:40:10,694 [Worker-28: Building] INFO  o.e.m.c.i.embedder.EclipseLogger - Using 'UTF-8' encoding to copy filtered resources.
2022-02-04 20:40:10,694 [Worker-28: Building] INFO  o.e.m.c.i.embedder.EclipseLogger - Using 'UTF-8' encoding to copy filtered properties files.
2022-02-04 20:40:10,694 [Worker-28: Building] INFO  o.e.m.c.i.embedder.EclipseLogger - skip non existing resourceDirectory /home/asier/eclipse-2021-workspace/Microservices/Synch/SpringCloud/Feign-Eureka-Resilience4j/servicel1a/src/test/resources
2022-02-04 20:46:02,158 [main] INFO  o.e.m2e.actions.ExecutePomAction - Creating new launch configuration
2022-02-04 20:46:52,617 [main] INFO  o.e.m2e.actions.ExecutePomAction - Using existing launch configuration
2022-02-04 20:46:58,841 [Worker-32: Launching servicel1a] INFO  o.e.m.i.launch.MavenLaunchDelegate - /home/asier/eclipse-2021-workspace/Microservices/Synch/SpringCloud/Feign-Eureka-Resilience4j/servicel1a
2022-02-04 20:46:58,851 [Worker-32: Launching servicel1a] INFO  o.e.m.i.launch.MavenLaunchDelegate -  mvn -B package
2022-02-04 20:54:56,460 [Worker-2: Loading available Gradle versions] INFO  o.e.b.c.i.u.g.PublishedGradleVersions - Gradle version information cache is out-of-date. Trying to update.
2022-02-04 20:55:11,208 [Worker-0: Building] INFO  o.e.m.c.i.embedder.EclipseLogger - Using 'UTF-8' encoding to copy filtered resources.
2022-02-04 20:55:11,208 [Worker-0: Building] INFO  o.e.m.c.i.embedder.EclipseLogger - Using 'UTF-8' encoding to copy filtered properties files.
2022-02-04 20:55:11,228 [Worker-0: Building] INFO  o.e.m.c.i.embedder.EclipseLogger - Copying 1 resource
2022-02-04 20:55:11,313 [Worker-0: Building] INFO  o.e.m.c.i.embedder.EclipseLogger - Copying 0 resource
2022-02-04 20:55:11,340 [Worker-0: Building] INFO  o.e.m.c.i.embedder.EclipseLogger - Using 'UTF-8' encoding to copy filtered resources.
2022-02-04 20:55:11,341 [Worker-0: Building] INFO  o.e.m.c.i.embedder.EclipseLogger - Using 'UTF-8' encoding to copy filtered properties files.
2022-02-04 20:55:11,341 [Worker-0: Building] INFO  o.e.m.c.i.embedder.EclipseLogger - skip non existing resourceDirectory /home/asier/eclipse-2021-workspace/Microservices/Synch/Docker/SpringCloud/Feign-Eureka-Resilience4j/servicel1a/src/test/resources
2022-02-04 20:55:18,353 [main] INFO  o.e.m2e.actions.ExecutePomAction - Creating new launch configuration
2022-02-04 20:55:23,346 [Worker-12: Launching eurekaserver] INFO  o.e.m.i.launch.MavenLaunchDelegate - /home/asier/eclipse-2021-workspace/Microservices/Synch/Docker/SpringCloud/Feign-Eureka-Resilience4j/eurekaserver
2022-02-04 20:55:23,350 [Worker-12: Launching eurekaserver] INFO  o.e.m.i.launch.MavenLaunchDelegate -  mvn -B package
2022-02-04 20:56:38,175 [main] INFO  o.e.m2e.actions.ExecutePomAction - Using existing launch configuration
2022-02-04 20:56:38,377 [Worker-3: Launching servicel1a] INFO  o.e.m.i.launch.MavenLaunchDelegate - /home/asier/eclipse-2021-workspace/Microservices/Synch/Docker/SpringCloud/Feign-Eureka-Resilience4j/servicel1a
2022-02-04 20:56:38,377 [Worker-3: Launching servicel1a] INFO  o.e.m.i.launch.MavenLaunchDelegate -  mvn -B package
2022-02-04 20:57:21,864 [main] INFO  o.e.m2e.actions.ExecutePomAction - Creating new launch configuration
2022-02-04 20:57:27,444 [Worker-8: Launching servicel2a] INFO  o.e.m.i.launch.MavenLaunchDelegate - /home/asier/eclipse-2021-workspace/Microservices/Synch/Docker/SpringCloud/Feign-Eureka-Resilience4j/servicel2a
2022-02-04 20:57:27,444 [Worker-8: Launching servicel2a] INFO  o.e.m.i.launch.MavenLaunchDelegate -  mvn -B package
2022-02-04 21:26:11,161 [Worker-17: Building] INFO  o.e.m.c.i.embedder.EclipseLogger - Using 'UTF-8' encoding to copy filtered resources.
2022-02-04 21:26:11,161 [Worker-17: Building] INFO  o.e.m.c.i.embedder.EclipseLogger - Using 'UTF-8' encoding to copy filtered properties files.
2022-02-04 21:26:11,162 [Worker-17: Building] INFO  o.e.m.c.i.embedder.EclipseLogger - Copying 1 resource
2022-02-04 21:26:11,313 [Worker-17: Building] INFO  o.e.m.c.i.embedder.EclipseLogger - Copying 0 resource
2022-02-04 21:26:11,321 [Worker-17: Building] INFO  o.e.m.c.i.embedder.EclipseLogger - Using 'UTF-8' encoding to copy filtered resources.
2022-02-04 21:26:11,321 [Worker-17: Building] INFO  o.e.m.c.i.embedder.EclipseLogger - Using 'UTF-8' encoding to copy filtered properties files.
2022-02-04 21:26:11,321 [Worker-17: Building] INFO  o.e.m.c.i.embedder.EclipseLogger - skip non existing resourceDirectory /home/asier/eclipse-2021-workspace/Microservices/Synch/Docker/SpringCloud/Feign-Eureka-Resilience4j/eurekaserver/src/test/resources
2022-02-04 21:26:11,422 [Worker-17: Building] INFO  o.e.m.c.i.embedder.EclipseLogger - Using 'UTF-8' encoding to copy filtered resources.
2022-02-04 21:26:11,423 [Worker-17: Building] INFO  o.e.m.c.i.embedder.EclipseLogger - Using 'UTF-8' encoding to copy filtered properties files.
2022-02-04 21:26:11,425 [Worker-17: Building] INFO  o.e.m.c.i.embedder.EclipseLogger - Copying 0 resource
2022-02-04 21:26:11,425 [Worker-17: Building] INFO  o.e.m.c.i.embedder.EclipseLogger - Copying 0 resource
2022-02-04 21:26:11,429 [Worker-17: Building] INFO  o.e.m.c.i.embedder.EclipseLogger - Using 'UTF-8' encoding to copy filtered resources.
2022-02-04 21:26:11,429 [Worker-17: Building] INFO  o.e.m.c.i.embedder.EclipseLogger - Using 'UTF-8' encoding to copy filtered properties files.
2022-02-04 21:26:11,429 [Worker-17: Building] INFO  o.e.m.c.i.embedder.EclipseLogger - skip non existing resourceDirectory /home/asier/eclipse-2021-workspace/Microservices/Synch/Docker/SpringCloud/Feign-Eureka-Resilience4j/servicel1a/src/test/resources
2022-02-04 21:26:12,846 [Worker-17: Building] INFO  o.e.m.c.i.embedder.EclipseLogger - Using 'UTF-8' encoding to copy filtered resources.
2022-02-04 21:26:12,846 [Worker-17: Building] INFO  o.e.m.c.i.embedder.EclipseLogger - Using 'UTF-8' encoding to copy filtered properties files.
2022-02-04 21:26:12,848 [Worker-17: Building] INFO  o.e.m.c.i.embedder.EclipseLogger - Copying 1 resource
2022-02-04 21:26:12,875 [Worker-17: Building] INFO  o.e.m.c.i.embedder.EclipseLogger - Copying 0 resource
2022-02-04 21:26:12,881 [Worker-17: Building] INFO  o.e.m.c.i.embedder.EclipseLogger - Using 'UTF-8' encoding to copy filtered resources.
2022-02-04 21:26:12,882 [Worker-17: Building] INFO  o.e.m.c.i.embedder.EclipseLogger - Using 'UTF-8' encoding to copy filtered properties files.
2022-02-04 21:26:12,883 [Worker-17: Building] INFO  o.e.m.c.i.embedder.EclipseLogger - skip non existing resourceDirectory /home/asier/eclipse-2021-workspace/Microservices/Synch/Docker/SpringCloud/Feign-Eureka-Resilience4j/servicel2a/src/test/resources
2022-02-04 21:26:59,796 [Worker-20: Rebuilding] INFO  o.e.m.c.i.embedder.EclipseLogger - Using 'UTF-8' encoding to copy filtered resources.
2022-02-04 21:26:59,796 [Worker-20: Rebuilding] INFO  o.e.m.c.i.embedder.EclipseLogger - Using 'UTF-8' encoding to copy filtered properties files.
2022-02-04 21:26:59,797 [Worker-20: Rebuilding] INFO  o.e.m.c.i.embedder.EclipseLogger - Copying 1 resource
2022-02-04 21:26:59,800 [Worker-20: Rebuilding] INFO  o.e.m.c.i.embedder.EclipseLogger - Copying 0 resource
2022-02-04 21:26:59,806 [Worker-20: Rebuilding] INFO  o.e.m.c.i.embedder.EclipseLogger - Using 'UTF-8' encoding to copy filtered resources.
2022-02-04 21:26:59,807 [Worker-20: Rebuilding] INFO  o.e.m.c.i.embedder.EclipseLogger - Using 'UTF-8' encoding to copy filtered properties files.
2022-02-04 21:26:59,807 [Worker-20: Rebuilding] INFO  o.e.m.c.i.embedder.EclipseLogger - skip non existing resourceDirectory /home/asier/eclipse-2021-workspace/Microservices/Synch/Docker/SpringCloud/Feign-Eureka-Resilience4j/eurekaserver/src/test/resources
2022-02-04 21:27:00,405 [Worker-20: Rebuilding] INFO  o.e.m.c.i.embedder.EclipseLogger - Using 'UTF-8' encoding to copy filtered resources.
2022-02-04 21:27:00,405 [Worker-20: Rebuilding] INFO  o.e.m.c.i.embedder.EclipseLogger - Using 'UTF-8' encoding to copy filtered properties files.
2022-02-04 21:27:00,411 [Worker-20: Rebuilding] INFO  o.e.m.c.i.embedder.EclipseLogger - Copying 1 resource
2022-02-04 21:27:00,412 [Worker-20: Rebuilding] INFO  o.e.m.c.i.embedder.EclipseLogger - Copying 0 resource
2022-02-04 21:27:00,418 [Worker-20: Rebuilding] INFO  o.e.m.c.i.embedder.EclipseLogger - Using 'UTF-8' encoding to copy filtered resources.
2022-02-04 21:27:00,419 [Worker-20: Rebuilding] INFO  o.e.m.c.i.embedder.EclipseLogger - Using 'UTF-8' encoding to copy filtered properties files.
2022-02-04 21:27:00,419 [Worker-20: Rebuilding] INFO  o.e.m.c.i.embedder.EclipseLogger - skip non existing resourceDirectory /home/asier/eclipse-2021-workspace/Microservices/Synch/Docker/SpringCloud/Feign-Eureka-Resilience4j/servicel1a/src/test/resources
2022-02-04 21:27:00,784 [Worker-20: Rebuilding] INFO  o.e.m.c.i.embedder.EclipseLogger - Using 'UTF-8' encoding to copy filtered resources.
2022-02-04 21:27:00,784 [Worker-20: Rebuilding] INFO  o.e.m.c.i.embedder.EclipseLogger - Using 'UTF-8' encoding to copy filtered properties files.
2022-02-04 21:27:00,785 [Worker-20: Rebuilding] INFO  o.e.m.c.i.embedder.EclipseLogger - Copying 1 resource
2022-02-04 21:27:00,792 [Worker-20: Rebuilding] INFO  o.e.m.c.i.embedder.EclipseLogger - Copying 0 resource
2022-02-04 21:27:00,801 [Worker-20: Rebuilding] INFO  o.e.m.c.i.embedder.EclipseLogger - Using 'UTF-8' encoding to copy filtered resources.
2022-02-04 21:27:00,809 [Worker-20: Rebuilding] INFO  o.e.m.c.i.embedder.EclipseLogger - Using 'UTF-8' encoding to copy filtered properties files.
2022-02-04 21:27:00,809 [Worker-20: Rebuilding] INFO  o.e.m.c.i.embedder.EclipseLogger - skip non existing resourceDirectory /home/asier/eclipse-2021-workspace/Microservices/Synch/Docker/SpringCloud/Feign-Eureka-Resilience4j/servicel2a/src/test/resources
2022-02-04 21:28:27,342 [Worker-19: Building] INFO  o.e.m.c.i.l.LifecycleMappingFactory - Using org.eclipse.m2e.jdt.JarLifecycleMapping lifecycle mapping for MavenProject: micros.synch.springcloud:servicel1a:0.0.1-SNAPSHOT @ /home/asier/eclipse-2021-workspace/Microservices/Synch/Docker/SpringCloud/Feign-Eureka-Resilience4j/servicel1a/pom.xml.
2022-02-04 21:28:30,723 [Worker-19: Building] INFO  o.e.m.c.i.embedder.EclipseLogger - Using 'UTF-8' encoding to copy filtered resources.
2022-02-04 21:28:30,723 [Worker-19: Building] INFO  o.e.m.c.i.embedder.EclipseLogger - Using 'UTF-8' encoding to copy filtered properties files.
2022-02-04 21:28:30,724 [Worker-19: Building] INFO  o.e.m.c.i.embedder.EclipseLogger - Copying 0 resource
2022-02-04 21:28:30,724 [Worker-19: Building] INFO  o.e.m.c.i.embedder.EclipseLogger - Copying 0 resource
2022-02-04 21:28:30,774 [Worker-19: Building] INFO  o.e.m.c.i.embedder.EclipseLogger - Using 'UTF-8' encoding to copy filtered resources.
2022-02-04 21:28:30,774 [Worker-19: Building] INFO  o.e.m.c.i.embedder.EclipseLogger - Using 'UTF-8' encoding to copy filtered properties files.
2022-02-04 21:28:30,774 [Worker-19: Building] INFO  o.e.m.c.i.embedder.EclipseLogger - skip non existing resourceDirectory /home/asier/eclipse-2021-workspace/Microservices/Synch/Docker/SpringCloud/Feign-Eureka-Resilience4j/servicel1a/src/test/resources
2022-02-04 21:28:34,076 [main] INFO  o.e.m2e.actions.ExecutePomAction - Using existing launch configuration
2022-02-04 21:28:34,531 [Worker-19: Launching eurekaserver] INFO  o.e.m.i.launch.MavenLaunchDelegate - /home/asier/eclipse-2021-workspace/Microservices/Synch/Docker/SpringCloud/Feign-Eureka-Resilience4j/eurekaserver
2022-02-04 21:28:34,531 [Worker-19: Launching eurekaserver] INFO  o.e.m.i.launch.MavenLaunchDelegate -  mvn -B package
2022-02-04 21:29:22,026 [Worker-17: Building] INFO  o.e.m.c.i.embedder.EclipseLogger - Using 'UTF-8' encoding to copy filtered resources.
2022-02-04 21:29:22,026 [Worker-17: Building] INFO  o.e.m.c.i.embedder.EclipseLogger - Using 'UTF-8' encoding to copy filtered properties files.
2022-02-04 21:29:22,026 [Worker-17: Building] INFO  o.e.m.c.i.embedder.EclipseLogger - Copying 1 resource
2022-02-04 21:29:22,027 [Worker-17: Building] INFO  o.e.m.c.i.embedder.EclipseLogger - Copying 0 resource
2022-02-04 21:29:22,031 [Worker-17: Building] INFO  o.e.m.c.i.embedder.EclipseLogger - Using 'UTF-8' encoding to copy filtered resources.
2022-02-04 21:29:22,031 [Worker-17: Building] INFO  o.e.m.c.i.embedder.EclipseLogger - Using 'UTF-8' encoding to copy filtered properties files.
2022-02-04 21:29:22,032 [Worker-17: Building] INFO  o.e.m.c.i.embedder.EclipseLogger - skip non existing resourceDirectory /home/asier/eclipse-2021-workspace/Microservices/Synch/Docker/SpringCloud/Feign-Eureka-Resilience4j/eurekaserver/src/test/resources
2022-02-04 21:29:22,380 [Worker-17: Building] INFO  o.e.m.c.i.embedder.EclipseLogger - Using 'UTF-8' encoding to copy filtered resources.
2022-02-04 21:29:22,380 [Worker-17: Building] INFO  o.e.m.c.i.embedder.EclipseLogger - Using 'UTF-8' encoding to copy filtered properties files.
2022-02-04 21:29:22,381 [Worker-17: Building] INFO  o.e.m.c.i.embedder.EclipseLogger - Copying 1 resource
2022-02-04 21:29:22,382 [Worker-17: Building] INFO  o.e.m.c.i.embedder.EclipseLogger - Copying 0 resource
2022-02-04 21:29:22,385 [Worker-17: Building] INFO  o.e.m.c.i.embedder.EclipseLogger - Using 'UTF-8' encoding to copy filtered resources.
2022-02-04 21:29:22,385 [Worker-17: Building] INFO  o.e.m.c.i.embedder.EclipseLogger - Using 'UTF-8' encoding to copy filtered properties files.
2022-02-04 21:29:22,385 [Worker-17: Building] INFO  o.e.m.c.i.embedder.EclipseLogger - skip non existing resourceDirectory /home/asier/eclipse-2021-workspace/Microservices/Synch/Docker/SpringCloud/Feign-Eureka-Resilience4j/servicel1a/src/test/resources
2022-02-04 21:29:22,744 [Worker-17: Building] INFO  o.e.m.c.i.embedder.EclipseLogger - Using 'UTF-8' encoding to copy filtered resources.
2022-02-04 21:29:22,744 [Worker-17: Building] INFO  o.e.m.c.i.embedder.EclipseLogger - Using 'UTF-8' encoding to copy filtered properties files.
2022-02-04 21:29:22,745 [Worker-17: Building] INFO  o.e.m.c.i.embedder.EclipseLogger - Copying 1 resource
2022-02-04 21:29:22,746 [Worker-17: Building] INFO  o.e.m.c.i.embedder.EclipseLogger - Copying 0 resource
2022-02-04 21:29:22,752 [Worker-17: Building] INFO  o.e.m.c.i.embedder.EclipseLogger - Using 'UTF-8' encoding to copy filtered resources.
2022-02-04 21:29:22,753 [Worker-17: Building] INFO  o.e.m.c.i.embedder.EclipseLogger - Using 'UTF-8' encoding to copy filtered properties files.
2022-02-04 21:29:22,753 [Worker-17: Building] INFO  o.e.m.c.i.embedder.EclipseLogger - skip non existing resourceDirectory /home/asier/eclipse-2021-workspace/Microservices/Synch/Docker/SpringCloud/Feign-Eureka-Resilience4j/servicel2a/src/test/resources
2022-02-04 21:29:30,484 [main] INFO  o.e.m2e.actions.ExecutePomAction - Creating new launch configuration
2022-02-04 21:29:34,935 [Worker-19: Launching eurekaserver (1)] INFO  o.e.m.i.launch.MavenLaunchDelegate - /home/asier/eclipse-2021-workspace/Microservices/Synch/Docker/SpringCloud/Feign-Eureka-Resilience4j/eurekaserver
2022-02-04 21:29:34,935 [Worker-19: Launching eurekaserver (1)] INFO  o.e.m.i.launch.MavenLaunchDelegate -  mvn -B package
2022-02-04 21:31:11,506 [Worker-22: Building Workspace] INFO  o.e.m.c.i.embedder.EclipseLogger - Using 'UTF-8' encoding to copy filtered resources.
2022-02-04 21:31:11,506 [Worker-22: Building Workspace] INFO  o.e.m.c.i.embedder.EclipseLogger - Using 'UTF-8' encoding to copy filtered properties files.
2022-02-04 21:31:11,510 [Worker-22: Building Workspace] INFO  o.e.m.c.i.embedder.EclipseLogger - Copying 1 resource
2022-02-04 21:31:11,512 [Worker-22: Building Workspace] INFO  o.e.m.c.i.embedder.EclipseLogger - Copying 0 resource
2022-02-04 21:31:11,522 [Worker-22: Building Workspace] INFO  o.e.m.c.i.embedder.EclipseLogger - Using 'UTF-8' encoding to copy filtered resources.
2022-02-04 21:31:11,522 [Worker-22: Building Workspace] INFO  o.e.m.c.i.embedder.EclipseLogger - Using 'UTF-8' encoding to copy filtered properties files.
2022-02-04 21:31:11,523 [Worker-22: Building Workspace] INFO  o.e.m.c.i.embedder.EclipseLogger - skip non existing resourceDirectory /home/asier/eclipse-2021-workspace/Microservices/Synch/Docker/SpringCloud/Feign-Eureka-Resilience4j/eurekaserver/src/test/resources
2022-02-04 21:31:11,981 [Worker-22: Building Workspace] INFO  o.e.m.c.i.embedder.EclipseLogger - Using 'UTF-8' encoding to copy filtered resources.
2022-02-04 21:31:11,981 [Worker-22: Building Workspace] INFO  o.e.m.c.i.embedder.EclipseLogger - Using 'UTF-8' encoding to copy filtered properties files.
2022-02-04 21:31:11,981 [Worker-22: Building Workspace] INFO  o.e.m.c.i.embedder.EclipseLogger - Copying 1 resource
2022-02-04 21:31:11,983 [Worker-22: Building Workspace] INFO  o.e.m.c.i.embedder.EclipseLogger - Copying 0 resource
2022-02-04 21:31:11,987 [Worker-22: Building Workspace] INFO  o.e.m.c.i.embedder.EclipseLogger - Using 'UTF-8' encoding to copy filtered resources.
2022-02-04 21:31:11,987 [Worker-22: Building Workspace] INFO  o.e.m.c.i.embedder.EclipseLogger - Using 'UTF-8' encoding to copy filtered properties files.
2022-02-04 21:31:11,987 [Worker-22: Building Workspace] INFO  o.e.m.c.i.embedder.EclipseLogger - skip non existing resourceDirectory /home/asier/eclipse-2021-workspace/Microservices/Synch/Docker/SpringCloud/Feign-Eureka-Resilience4j/servicel1a/src/test/resources
2022-02-04 21:31:12,339 [Worker-22: Building Workspace] INFO  o.e.m.c.i.embedder.EclipseLogger - Using 'UTF-8' encoding to copy filtered resources.
2022-02-04 21:31:12,340 [Worker-22: Building Workspace] INFO  o.e.m.c.i.embedder.EclipseLogger - Using 'UTF-8' encoding to copy filtered properties files.
2022-02-04 21:31:12,340 [Worker-22: Building Workspace] INFO  o.e.m.c.i.embedder.EclipseLogger - Copying 1 resource
2022-02-04 21:31:12,341 [Worker-22: Building Workspace] INFO  o.e.m.c.i.embedder.EclipseLogger - Copying 0 resource
2022-02-04 21:31:12,345 [Worker-22: Building Workspace] INFO  o.e.m.c.i.embedder.EclipseLogger - Using 'UTF-8' encoding to copy filtered resources.
2022-02-04 21:31:12,345 [Worker-22: Building Workspace] INFO  o.e.m.c.i.embedder.EclipseLogger - Using 'UTF-8' encoding to copy filtered properties files.
2022-02-04 21:31:12,345 [Worker-22: Building Workspace] INFO  o.e.m.c.i.embedder.EclipseLogger - skip non existing resourceDirectory /home/asier/eclipse-2021-workspace/Microservices/Synch/Docker/SpringCloud/Feign-Eureka-Resilience4j/servicel2a/src/test/resources
2022-02-04 21:31:55,627 [Worker-20: Building Workspace] INFO  o.e.m.c.i.embedder.EclipseLogger - Using 'UTF-8' encoding to copy filtered resources.
2022-02-04 21:31:55,628 [Worker-20: Building Workspace] INFO  o.e.m.c.i.embedder.EclipseLogger - Using 'UTF-8' encoding to copy filtered properties files.
2022-02-04 21:31:55,628 [Worker-20: Building Workspace] INFO  o.e.m.c.i.embedder.EclipseLogger - Copying 1 resource
2022-02-04 21:31:55,629 [Worker-20: Building Workspace] INFO  o.e.m.c.i.embedder.EclipseLogger - Copying 0 resource
2022-02-04 21:31:55,632 [Worker-20: Building Workspace] INFO  o.e.m.c.i.embedder.EclipseLogger - Using 'UTF-8' encoding to copy filtered resources.
2022-02-04 21:31:55,633 [Worker-20: Building Workspace] INFO  o.e.m.c.i.embedder.EclipseLogger - Using 'UTF-8' encoding to copy filtered properties files.
2022-02-04 21:31:55,633 [Worker-20: Building Workspace] INFO  o.e.m.c.i.embedder.EclipseLogger - skip non existing resourceDirectory /home/asier/eclipse-2021-workspace/Microservices/Synch/Docker/SpringCloud/Feign-Eureka-Resilience4j/eurekaserver/src/test/resources
2022-02-04 21:31:55,949 [Worker-20: Building Workspace] INFO  o.e.m.c.i.embedder.EclipseLogger - Using 'UTF-8' encoding to copy filtered resources.
2022-02-04 21:31:55,949 [Worker-20: Building Workspace] INFO  o.e.m.c.i.embedder.EclipseLogger - Using 'UTF-8' encoding to copy filtered properties files.
2022-02-04 21:31:55,949 [Worker-20: Building Workspace] INFO  o.e.m.c.i.embedder.EclipseLogger - Copying 1 resource
2022-02-04 21:31:55,950 [Worker-20: Building Workspace] INFO  o.e.m.c.i.embedder.EclipseLogger - Copying 0 resource
2022-02-04 21:31:55,956 [Worker-20: Building Workspace] INFO  o.e.m.c.i.embedder.EclipseLogger - Using 'UTF-8' encoding to copy filtered resources.
2022-02-04 21:31:55,957 [Worker-20: Building Workspace] INFO  o.e.m.c.i.embedder.EclipseLogger - Using 'UTF-8' encoding to copy filtered properties files.
2022-02-04 21:31:55,957 [Worker-20: Building Workspace] INFO  o.e.m.c.i.embedder.EclipseLogger - skip non existing resourceDirectory /home/asier/eclipse-2021-workspace/Microservices/Synch/Docker/SpringCloud/Feign-Eureka-Resilience4j/servicel1a/src/test/resources
2022-02-04 21:31:56,266 [Worker-20: Building Workspace] INFO  o.e.m.c.i.embedder.EclipseLogger - Using 'UTF-8' encoding to copy filtered resources.
2022-02-04 21:31:56,266 [Worker-20: Building Workspace] INFO  o.e.m.c.i.embedder.EclipseLogger - Using 'UTF-8' encoding to copy filtered properties files.
2022-02-04 21:31:56,267 [Worker-20: Building Workspace] INFO  o.e.m.c.i.embedder.EclipseLogger - Copying 1 resource
2022-02-04 21:31:56,269 [Worker-20: Building Workspace] INFO  o.e.m.c.i.embedder.EclipseLogger - Copying 0 resource
2022-02-04 21:31:56,277 [Worker-20: Building Workspace] INFO  o.e.m.c.i.embedder.EclipseLogger - Using 'UTF-8' encoding to copy filtered resources.
2022-02-04 21:31:56,278 [Worker-20: Building Workspace] INFO  o.e.m.c.i.embedder.EclipseLogger - Using 'UTF-8' encoding to copy filtered properties files.
2022-02-04 21:31:56,278 [Worker-20: Building Workspace] INFO  o.e.m.c.i.embedder.EclipseLogger - skip non existing resourceDirectory /home/asier/eclipse-2021-workspace/Microservices/Synch/Docker/SpringCloud/Feign-Eureka-Resilience4j/servicel2a/src/test/resources
2022-02-04 21:32:12,432 [main] INFO  o.e.m2e.actions.ExecutePomAction - Creating new launch configuration
2022-02-04 21:32:27,467 [Worker-19: Launching eurekaserver (2)] INFO  o.e.m.i.launch.MavenLaunchDelegate - /home/asier/eclipse-2021-workspace/Microservices/Synch/Docker/SpringCloud/Feign-Eureka-Resilience4j/eurekaserver
2022-02-04 21:32:27,467 [Worker-19: Launching eurekaserver (2)] INFO  o.e.m.i.launch.MavenLaunchDelegate -  mvn -B package
2022-02-04 21:34:54,594 [Worker-17: Cleaning all projects] INFO  o.e.m.c.i.l.LifecycleMappingFactory - Using org.eclipse.m2e.jdt.JarLifecycleMapping lifecycle mapping for MavenProject: micros.synch.springcloud:servicel1a:0.0.1-SNAPSHOT @ /home/asier/eclipse-2021-workspace/Microservices/Synch/Docker/SpringCloud/Feign-Eureka-Resilience4j/servicel1a/pom.xml.
2022-02-04 21:35:25,448 [main] INFO  o.e.m2e.actions.ExecutePomAction - Creating new launch configuration
2022-02-04 21:35:29,492 [Worker-25: Launching eurekaserver (3)] INFO  o.e.m.i.launch.MavenLaunchDelegate - /home/asier/eclipse-2021-workspace/Microservices/Synch/Docker/SpringCloud/Feign-Eureka-Resilience4j/eurekaserver
2022-02-04 21:35:29,492 [Worker-25: Launching eurekaserver (3)] INFO  o.e.m.i.launch.MavenLaunchDelegate -  mvn -B package
2022-02-04 21:36:52,290 [main] INFO  o.e.m2e.actions.ExecutePomAction - Creating new launch configuration
2022-02-04 21:36:59,672 [Worker-17: Launching eurekaserver (4)] INFO  o.e.m.i.launch.MavenLaunchDelegate - /home/asier/eclipse-2021-workspace/Microservices/Synch/Docker/SpringCloud/Feign-Eureka-Resilience4j/eurekaserver
2022-02-04 21:36:59,672 [Worker-17: Launching eurekaserver (4)] INFO  o.e.m.i.launch.MavenLaunchDelegate -  mvn -B package
2022-02-04 21:40:14,633 [Worker-24: Cleaning selected projects] INFO  o.e.m.c.i.l.LifecycleMappingFactory - Using org.eclipse.m2e.jdt.JarLifecycleMapping lifecycle mapping for MavenProject: micros.synch.springcloud:servicel1a:0.0.1-SNAPSHOT @ /home/asier/eclipse-2021-workspace/Microservices/Synch/Docker/SpringCloud/Feign-Eureka-Resilience4j/servicel1a/pom.xml.
2022-02-04 21:40:16,013 [Worker-24: Cleaning selected projects] INFO  o.e.m.c.i.l.LifecycleMappingFactory - Using org.eclipse.m2e.jdt.JarLifecycleMapping lifecycle mapping for MavenProject: micros.synch.springcloud:servicel2a:0.0.1-SNAPSHOT @ /home/asier/eclipse-2021-workspace/Microservices/Synch/Docker/SpringCloud/Feign-Eureka-Resilience4j/servicel2a/pom.xml.
2022-02-04 21:40:19,664 [Worker-27: Building Workspace] INFO  o.e.m.c.i.l.LifecycleMappingFactory - Using org.eclipse.m2e.jdt.JarLifecycleMapping lifecycle mapping for MavenProject: micros.synch.springcloud:eurekaserver:0.0.1-SNAPSHOT @ /home/asier/eclipse-2021-workspace/Microservices/Synch/Docker/SpringCloud/Feign-Eureka-Resilience4j/eurekaserver/pom.xml.
2022-02-04 21:40:21,078 [Worker-27: Building Workspace] INFO  o.e.m.c.i.embedder.EclipseLogger - Using 'UTF-8' encoding to copy filtered resources.
2022-02-04 21:40:21,078 [Worker-27: Building Workspace] INFO  o.e.m.c.i.embedder.EclipseLogger - Using 'UTF-8' encoding to copy filtered properties files.
2022-02-04 21:40:21,078 [Worker-27: Building Workspace] INFO  o.e.m.c.i.embedder.EclipseLogger - Copying 1 resource
2022-02-04 21:40:21,103 [Worker-27: Building Workspace] INFO  o.e.m.c.i.embedder.EclipseLogger - Copying 0 resource
2022-02-04 21:40:21,117 [Worker-27: Building Workspace] INFO  o.e.m.c.i.embedder.EclipseLogger - Using 'UTF-8' encoding to copy filtered resources.
2022-02-04 21:40:21,117 [Worker-27: Building Workspace] INFO  o.e.m.c.i.embedder.EclipseLogger - Using 'UTF-8' encoding to copy filtered properties files.
2022-02-04 21:40:21,117 [Worker-27: Building Workspace] INFO  o.e.m.c.i.embedder.EclipseLogger - skip non existing resourceDirectory /home/asier/eclipse-2021-workspace/Microservices/Synch/Docker/SpringCloud/Feign-Eureka-Resilience4j/eurekaserver/src/test/resources
2022-02-04 21:40:22,369 [Worker-27: Building Workspace] INFO  o.e.m.c.i.embedder.EclipseLogger - Using 'UTF-8' encoding to copy filtered resources.
2022-02-04 21:40:22,370 [Worker-27: Building Workspace] INFO  o.e.m.c.i.embedder.EclipseLogger - Using 'UTF-8' encoding to copy filtered properties files.
2022-02-04 21:40:22,370 [Worker-27: Building Workspace] INFO  o.e.m.c.i.embedder.EclipseLogger - Copying 1 resource
2022-02-04 21:40:22,371 [Worker-27: Building Workspace] INFO  o.e.m.c.i.embedder.EclipseLogger - Copying 0 resource
2022-02-04 21:40:22,376 [Worker-27: Building Workspace] INFO  o.e.m.c.i.embedder.EclipseLogger - Using 'UTF-8' encoding to copy filtered resources.
2022-02-04 21:40:22,376 [Worker-27: Building Workspace] INFO  o.e.m.c.i.embedder.EclipseLogger - Using 'UTF-8' encoding to copy filtered properties files.
2022-02-04 21:40:22,376 [Worker-27: Building Workspace] INFO  o.e.m.c.i.embedder.EclipseLogger - skip non existing resourceDirectory /home/asier/eclipse-2021-workspace/Microservices/Synch/Docker/SpringCloud/Feign-Eureka-Resilience4j/servicel1a/src/test/resources
2022-02-04 21:40:23,473 [Worker-27: Building Workspace] INFO  o.e.m.c.i.embedder.EclipseLogger - Using 'UTF-8' encoding to copy filtered resources.
2022-02-04 21:40:23,473 [Worker-27: Building Workspace] INFO  o.e.m.c.i.embedder.EclipseLogger - Using 'UTF-8' encoding to copy filtered properties files.
2022-02-04 21:40:23,473 [Worker-27: Building Workspace] INFO  o.e.m.c.i.embedder.EclipseLogger - Copying 1 resource
2022-02-04 21:40:23,474 [Worker-27: Building Workspace] INFO  o.e.m.c.i.embedder.EclipseLogger - Copying 0 resource
2022-02-04 21:40:23,488 [Worker-27: Building Workspace] INFO  o.e.m.c.i.embedder.EclipseLogger - Using 'UTF-8' encoding to copy filtered resources.
2022-02-04 21:40:23,488 [Worker-27: Building Workspace] INFO  o.e.m.c.i.embedder.EclipseLogger - Using 'UTF-8' encoding to copy filtered properties files.
2022-02-04 21:40:23,488 [Worker-27: Building Workspace] INFO  o.e.m.c.i.embedder.EclipseLogger - skip non existing resourceDirectory /home/asier/eclipse-2021-workspace/Microservices/Synch/Docker/SpringCloud/Feign-Eureka-Resilience4j/servicel2a/src/test/resources
2022-02-04 21:41:51,541 [main] INFO  o.e.m2e.actions.ExecutePomAction - Creating new launch configuration
2022-02-04 21:41:54,537 [Worker-28: Launching servicel2a (1)] INFO  o.e.m.i.launch.MavenLaunchDelegate - /home/asier/eclipse-2021-workspace/Microservices/Synch/Docker/SpringCloud/Feign-Eureka-Resilience4j/servicel2a
2022-02-04 21:41:54,537 [Worker-28: Launching servicel2a (1)] INFO  o.e.m.i.launch.MavenLaunchDelegate -  mvn -B package
2022-02-04 21:42:48,023 [main] INFO  o.e.m2e.actions.ExecutePomAction - Creating new launch configuration
2022-02-04 21:42:51,388 [Worker-28: Launching servicel2a (2)] INFO  o.e.m.i.launch.MavenLaunchDelegate - /home/asier/eclipse-2021-workspace/Microservices/Synch/Docker/SpringCloud/Feign-Eureka-Resilience4j/servicel2a
2022-02-04 21:42:51,388 [Worker-28: Launching servicel2a (2)] INFO  o.e.m.i.launch.MavenLaunchDelegate -  mvn -B package
